                                 Started job on |	Apr 30 13:59:31
                             Started mapping on |	Apr 30 14:10:54
                                    Finished on |	Apr 30 14:20:52
       Mapping speed, Million of reads per hour |	218.82

                          Number of input reads |	36348701
                      Average input read length |	181
                                    UNIQUE READS:
                   Uniquely mapped reads number |	34030769
                        Uniquely mapped reads % |	93.62%
                          Average mapped length |	180.44
                       Number of splices: Total |	16683621
            Number of splices: Annotated (sjdb) |	16652149
                       Number of splices: GT/AG |	16519513
                       Number of splices: GC/AG |	122278
                       Number of splices: AT/AC |	14971
               Number of splices: Non-canonical |	26859
                      Mismatch rate per base, % |	0.61%
                         Deletion rate per base |	0.01%
                        Deletion average length |	1.82
                        Insertion rate per base |	0.01%
                       Insertion average length |	1.35
                             MULTI-MAPPING READS:
        Number of reads mapped to multiple loci |	1095483
             % of reads mapped to multiple loci |	3.01%
        Number of reads mapped to too many loci |	10708
             % of reads mapped to too many loci |	0.03%
                                  UNMAPPED READS:
       % of reads unmapped: too many mismatches |	0.00%
                 % of reads unmapped: too short |	3.29%
                     % of reads unmapped: other |	0.05%
                                  CHIMERIC READS:
                       Number of chimeric reads |	620687
                            % of chimeric reads |	1.71%
