                                 Started job on |	Apr 30 13:59:31
                             Started mapping on |	Apr 30 14:08:21
                                    Finished on |	Apr 30 14:16:09
       Mapping speed, Million of reads per hour |	262.77

                          Number of input reads |	34160111
                      Average input read length |	181
                                    UNIQUE READS:
                   Uniquely mapped reads number |	31547298
                        Uniquely mapped reads % |	92.35%
                          Average mapped length |	180.50
                       Number of splices: Total |	13025649
            Number of splices: Annotated (sjdb) |	12997681
                       Number of splices: GT/AG |	12894418
                       Number of splices: GC/AG |	91550
                       Number of splices: AT/AC |	10414
               Number of splices: Non-canonical |	29267
                      Mismatch rate per base, % |	0.62%
                         Deletion rate per base |	0.01%
                        Deletion average length |	1.71
                        Insertion rate per base |	0.01%
                       Insertion average length |	1.29
                             MULTI-MAPPING READS:
        Number of reads mapped to multiple loci |	1294133
             % of reads mapped to multiple loci |	3.79%
        Number of reads mapped to too many loci |	16831
             % of reads mapped to too many loci |	0.05%
                                  UNMAPPED READS:
       % of reads unmapped: too many mismatches |	0.00%
                 % of reads unmapped: too short |	3.70%
                     % of reads unmapped: other |	0.11%
                                  CHIMERIC READS:
                       Number of chimeric reads |	544408
                            % of chimeric reads |	1.59%
