                                 Started job on |	Apr 30 13:59:36
                             Started mapping on |	Apr 30 14:09:37
                                    Finished on |	Apr 30 14:15:57
       Mapping speed, Million of reads per hour |	288.87

                          Number of input reads |	30491738
                      Average input read length |	183
                                    UNIQUE READS:
                   Uniquely mapped reads number |	28850328
                        Uniquely mapped reads % |	94.62%
                          Average mapped length |	182.44
                       Number of splices: Total |	13318235
            Number of splices: Annotated (sjdb) |	13297013
                       Number of splices: GT/AG |	13197218
                       Number of splices: GC/AG |	86328
                       Number of splices: AT/AC |	9486
               Number of splices: Non-canonical |	25203
                      Mismatch rate per base, % |	0.46%
                         Deletion rate per base |	0.01%
                        Deletion average length |	1.63
                        Insertion rate per base |	0.01%
                       Insertion average length |	1.29
                             MULTI-MAPPING READS:
        Number of reads mapped to multiple loci |	873744
             % of reads mapped to multiple loci |	2.87%
        Number of reads mapped to too many loci |	10245
             % of reads mapped to too many loci |	0.03%
                                  UNMAPPED READS:
       % of reads unmapped: too many mismatches |	0.00%
                 % of reads unmapped: too short |	2.43%
                     % of reads unmapped: other |	0.06%
                                  CHIMERIC READS:
                       Number of chimeric reads |	578378
                            % of chimeric reads |	1.90%
