                                 Started job on |	Apr 30 14:46:38
                             Started mapping on |	Apr 30 14:56:43
                                    Finished on |	Apr 30 15:05:31
       Mapping speed, Million of reads per hour |	270.14

                          Number of input reads |	39620023
                      Average input read length |	186
                                    UNIQUE READS:
                   Uniquely mapped reads number |	37639197
                        Uniquely mapped reads % |	95.00%
                          Average mapped length |	185.14
                       Number of splices: Total |	17077987
            Number of splices: Annotated (sjdb) |	17047491
                       Number of splices: GT/AG |	16925094
                       Number of splices: GC/AG |	107201
                       Number of splices: AT/AC |	12563
               Number of splices: Non-canonical |	33129
                      Mismatch rate per base, % |	0.40%
                         Deletion rate per base |	0.01%
                        Deletion average length |	1.64
                        Insertion rate per base |	0.01%
                       Insertion average length |	1.29
                             MULTI-MAPPING READS:
        Number of reads mapped to multiple loci |	1209326
             % of reads mapped to multiple loci |	3.05%
        Number of reads mapped to too many loci |	12184
             % of reads mapped to too many loci |	0.03%
                                  UNMAPPED READS:
       % of reads unmapped: too many mismatches |	0.00%
                 % of reads unmapped: too short |	1.86%
                     % of reads unmapped: other |	0.05%
                                  CHIMERIC READS:
                       Number of chimeric reads |	699041
                            % of chimeric reads |	1.76%
