                                 Started job on |	Apr 30 15:13:35
                             Started mapping on |	Apr 30 15:25:45
                                    Finished on |	Apr 30 15:37:02
       Mapping speed, Million of reads per hour |	252.52

                          Number of input reads |	47487885
                      Average input read length |	182
                                    UNIQUE READS:
                   Uniquely mapped reads number |	44071620
                        Uniquely mapped reads % |	92.81%
                          Average mapped length |	181.80
                       Number of splices: Total |	17664693
            Number of splices: Annotated (sjdb) |	17633005
                       Number of splices: GT/AG |	17476685
                       Number of splices: GC/AG |	142927
                       Number of splices: AT/AC |	17225
               Number of splices: Non-canonical |	27856
                      Mismatch rate per base, % |	0.51%
                         Deletion rate per base |	0.01%
                        Deletion average length |	1.63
                        Insertion rate per base |	0.01%
                       Insertion average length |	1.30
                             MULTI-MAPPING READS:
        Number of reads mapped to multiple loci |	1758047
             % of reads mapped to multiple loci |	3.70%
        Number of reads mapped to too many loci |	34839
             % of reads mapped to too many loci |	0.07%
                                  UNMAPPED READS:
       % of reads unmapped: too many mismatches |	0.00%
                 % of reads unmapped: too short |	3.31%
                     % of reads unmapped: other |	0.11%
                                  CHIMERIC READS:
                       Number of chimeric reads |	1260692
                            % of chimeric reads |	2.65%
