                                 Started job on |	Apr 30 15:14:01
                             Started mapping on |	Apr 30 15:27:00
                                    Finished on |	Apr 30 15:38:26
       Mapping speed, Million of reads per hour |	258.06

                          Number of input reads |	49173915
                      Average input read length |	182
                                    UNIQUE READS:
                   Uniquely mapped reads number |	45863345
                        Uniquely mapped reads % |	93.27%
                          Average mapped length |	181.70
                       Number of splices: Total |	20206988
            Number of splices: Annotated (sjdb) |	20176927
                       Number of splices: GT/AG |	20035142
                       Number of splices: GC/AG |	134141
                       Number of splices: AT/AC |	14206
               Number of splices: Non-canonical |	23499
                      Mismatch rate per base, % |	0.50%
                         Deletion rate per base |	0.01%
                        Deletion average length |	1.61
                        Insertion rate per base |	0.01%
                       Insertion average length |	1.38
                             MULTI-MAPPING READS:
        Number of reads mapped to multiple loci |	2136892
             % of reads mapped to multiple loci |	4.35%
        Number of reads mapped to too many loci |	26370
             % of reads mapped to too many loci |	0.05%
                                  UNMAPPED READS:
       % of reads unmapped: too many mismatches |	0.00%
                 % of reads unmapped: too short |	2.27%
                     % of reads unmapped: other |	0.07%
                                  CHIMERIC READS:
                       Number of chimeric reads |	814189
                            % of chimeric reads |	1.66%
