                                 Started job on |	Apr 30 14:29:09
                             Started mapping on |	Apr 30 14:39:18
                                    Finished on |	Apr 30 14:46:20
       Mapping speed, Million of reads per hour |	234.81

                          Number of input reads |	27524415
                      Average input read length |	189
                                    UNIQUE READS:
                   Uniquely mapped reads number |	26160608
                        Uniquely mapped reads % |	95.05%
                          Average mapped length |	188.15
                       Number of splices: Total |	12202339
            Number of splices: Annotated (sjdb) |	12181111
                       Number of splices: GT/AG |	12087912
                       Number of splices: GC/AG |	79675
                       Number of splices: AT/AC |	9364
               Number of splices: Non-canonical |	25388
                      Mismatch rate per base, % |	0.36%
                         Deletion rate per base |	0.01%
                        Deletion average length |	1.64
                        Insertion rate per base |	0.01%
                       Insertion average length |	1.28
                             MULTI-MAPPING READS:
        Number of reads mapped to multiple loci |	802038
             % of reads mapped to multiple loci |	2.91%
        Number of reads mapped to too many loci |	9528
             % of reads mapped to too many loci |	0.03%
                                  UNMAPPED READS:
       % of reads unmapped: too many mismatches |	0.00%
                 % of reads unmapped: too short |	1.95%
                     % of reads unmapped: other |	0.06%
                                  CHIMERIC READS:
                       Number of chimeric reads |	543080
                            % of chimeric reads |	1.97%
