                                 Started job on |	Apr 30 14:15:56
                             Started mapping on |	Apr 30 14:25:49
                                    Finished on |	Apr 30 14:33:46
       Mapping speed, Million of reads per hour |	261.86

                          Number of input reads |	34696822
                      Average input read length |	186
                                    UNIQUE READS:
                   Uniquely mapped reads number |	32989651
                        Uniquely mapped reads % |	95.08%
                          Average mapped length |	185.84
                       Number of splices: Total |	14807201
            Number of splices: Annotated (sjdb) |	14783285
                       Number of splices: GT/AG |	14676350
                       Number of splices: GC/AG |	92852
                       Number of splices: AT/AC |	10636
               Number of splices: Non-canonical |	27363
                      Mismatch rate per base, % |	0.48%
                         Deletion rate per base |	0.01%
                        Deletion average length |	1.65
                        Insertion rate per base |	0.01%
                       Insertion average length |	1.30
                             MULTI-MAPPING READS:
        Number of reads mapped to multiple loci |	1008991
             % of reads mapped to multiple loci |	2.91%
        Number of reads mapped to too many loci |	9747
             % of reads mapped to too many loci |	0.03%
                                  UNMAPPED READS:
       % of reads unmapped: too many mismatches |	0.00%
                 % of reads unmapped: too short |	1.91%
                     % of reads unmapped: other |	0.07%
                                  CHIMERIC READS:
                       Number of chimeric reads |	556751
                            % of chimeric reads |	1.60%
