                                 Started job on |	Apr 30 15:13:11
                             Started mapping on |	Apr 30 15:27:52
                                    Finished on |	Apr 30 15:44:59
       Mapping speed, Million of reads per hour |	263.55

                          Number of input reads |	75183683
                      Average input read length |	182
                                    UNIQUE READS:
                   Uniquely mapped reads number |	70233075
                        Uniquely mapped reads % |	93.42%
                          Average mapped length |	182.00
                       Number of splices: Total |	28542534
            Number of splices: Annotated (sjdb) |	28501607
                       Number of splices: GT/AG |	28280758
                       Number of splices: GC/AG |	197595
                       Number of splices: AT/AC |	25124
               Number of splices: Non-canonical |	39057
                      Mismatch rate per base, % |	0.51%
                         Deletion rate per base |	0.01%
                        Deletion average length |	1.62
                        Insertion rate per base |	0.01%
                       Insertion average length |	1.28
                             MULTI-MAPPING READS:
        Number of reads mapped to multiple loci |	2557159
             % of reads mapped to multiple loci |	3.40%
        Number of reads mapped to too many loci |	30836
             % of reads mapped to too many loci |	0.04%
                                  UNMAPPED READS:
       % of reads unmapped: too many mismatches |	0.00%
                 % of reads unmapped: too short |	3.09%
                     % of reads unmapped: other |	0.06%
                                  CHIMERIC READS:
                       Number of chimeric reads |	1865083
                            % of chimeric reads |	2.48%
