                                 Started job on |	Apr 30 15:43:02
                             Started mapping on |	Apr 30 15:53:34
                                    Finished on |	Apr 30 16:03:02
       Mapping speed, Million of reads per hour |	315.60

                          Number of input reads |	49794837
                      Average input read length |	186
                                    UNIQUE READS:
                   Uniquely mapped reads number |	47326469
                        Uniquely mapped reads % |	95.04%
                          Average mapped length |	185.33
                       Number of splices: Total |	23799189
            Number of splices: Annotated (sjdb) |	23772150
                       Number of splices: GT/AG |	23625608
                       Number of splices: GC/AG |	141247
                       Number of splices: AT/AC |	15872
               Number of splices: Non-canonical |	16462
                      Mismatch rate per base, % |	0.33%
                         Deletion rate per base |	0.01%
                        Deletion average length |	1.63
                        Insertion rate per base |	0.01%
                       Insertion average length |	1.32
                             MULTI-MAPPING READS:
        Number of reads mapped to multiple loci |	1640296
             % of reads mapped to multiple loci |	3.29%
        Number of reads mapped to too many loci |	15539
             % of reads mapped to too many loci |	0.03%
                                  UNMAPPED READS:
       % of reads unmapped: too many mismatches |	0.00%
                 % of reads unmapped: too short |	1.58%
                     % of reads unmapped: other |	0.05%
                                  CHIMERIC READS:
                       Number of chimeric reads |	779350
                            % of chimeric reads |	1.57%
