                                 Started job on |	Apr 30 14:35:47
                             Started mapping on |	Apr 30 14:44:45
                                    Finished on |	Apr 30 14:50:51
       Mapping speed, Million of reads per hour |	282.66

                          Number of input reads |	28737010
                      Average input read length |	189
                                    UNIQUE READS:
                   Uniquely mapped reads number |	27015011
                        Uniquely mapped reads % |	94.01%
                          Average mapped length |	187.99
                       Number of splices: Total |	11892698
            Number of splices: Annotated (sjdb) |	11870132
                       Number of splices: GT/AG |	11780982
                       Number of splices: GC/AG |	77610
                       Number of splices: AT/AC |	8892
               Number of splices: Non-canonical |	25214
                      Mismatch rate per base, % |	0.35%
                         Deletion rate per base |	0.01%
                        Deletion average length |	1.64
                        Insertion rate per base |	0.01%
                       Insertion average length |	1.30
                             MULTI-MAPPING READS:
        Number of reads mapped to multiple loci |	950882
             % of reads mapped to multiple loci |	3.31%
        Number of reads mapped to too many loci |	12554
             % of reads mapped to too many loci |	0.04%
                                  UNMAPPED READS:
       % of reads unmapped: too many mismatches |	0.00%
                 % of reads unmapped: too short |	2.57%
                     % of reads unmapped: other |	0.07%
                                  CHIMERIC READS:
                       Number of chimeric reads |	642603
                            % of chimeric reads |	2.24%
