                                 Started job on |	Apr 30 13:59:34
                             Started mapping on |	Apr 30 14:10:32
                                    Finished on |	Apr 30 14:21:20
       Mapping speed, Million of reads per hour |	215.28

                          Number of input reads |	38750468
                      Average input read length |	185
                                    UNIQUE READS:
                   Uniquely mapped reads number |	36592436
                        Uniquely mapped reads % |	94.43%
                          Average mapped length |	184.16
                       Number of splices: Total |	16626460
            Number of splices: Annotated (sjdb) |	16593951
                       Number of splices: GT/AG |	16469563
                       Number of splices: GC/AG |	104511
                       Number of splices: AT/AC |	12877
               Number of splices: Non-canonical |	39509
                      Mismatch rate per base, % |	0.46%
                         Deletion rate per base |	0.01%
                        Deletion average length |	1.62
                        Insertion rate per base |	0.01%
                       Insertion average length |	1.30
                             MULTI-MAPPING READS:
        Number of reads mapped to multiple loci |	1265445
             % of reads mapped to multiple loci |	3.27%
        Number of reads mapped to too many loci |	12659
             % of reads mapped to too many loci |	0.03%
                                  UNMAPPED READS:
       % of reads unmapped: too many mismatches |	0.00%
                 % of reads unmapped: too short |	2.18%
                     % of reads unmapped: other |	0.09%
                                  CHIMERIC READS:
                       Number of chimeric reads |	640785
                            % of chimeric reads |	1.65%
