                                 Started job on |	Apr 30 14:21:33
                             Started mapping on |	Apr 30 14:30:44
                                    Finished on |	Apr 30 14:37:36
       Mapping speed, Million of reads per hour |	285.23

                          Number of input reads |	32642873
                      Average input read length |	187
                                    UNIQUE READS:
                   Uniquely mapped reads number |	31107877
                        Uniquely mapped reads % |	95.30%
                          Average mapped length |	186.66
                       Number of splices: Total |	13188063
            Number of splices: Annotated (sjdb) |	13165501
                       Number of splices: GT/AG |	13064156
                       Number of splices: GC/AG |	84941
                       Number of splices: AT/AC |	9585
               Number of splices: Non-canonical |	29381
                      Mismatch rate per base, % |	0.46%
                         Deletion rate per base |	0.01%
                        Deletion average length |	1.66
                        Insertion rate per base |	0.01%
                       Insertion average length |	1.26
                             MULTI-MAPPING READS:
        Number of reads mapped to multiple loci |	988089
             % of reads mapped to multiple loci |	3.03%
        Number of reads mapped to too many loci |	9154
             % of reads mapped to too many loci |	0.03%
                                  UNMAPPED READS:
       % of reads unmapped: too many mismatches |	0.00%
                 % of reads unmapped: too short |	1.60%
                     % of reads unmapped: other |	0.05%
                                  CHIMERIC READS:
                       Number of chimeric reads |	462692
                            % of chimeric reads |	1.42%
