                                 Started job on |	Apr 30 16:03:06
                             Started mapping on |	Apr 30 16:12:26
                                    Finished on |	Apr 30 16:18:30
       Mapping speed, Million of reads per hour |	267.64

                          Number of input reads |	27060933
                      Average input read length |	183
                                    UNIQUE READS:
                   Uniquely mapped reads number |	24990230
                        Uniquely mapped reads % |	92.35%
                          Average mapped length |	182.28
                       Number of splices: Total |	7840150
            Number of splices: Annotated (sjdb) |	7823490
                       Number of splices: GT/AG |	7764679
                       Number of splices: GC/AG |	54919
                       Number of splices: AT/AC |	6189
               Number of splices: Non-canonical |	14363
                      Mismatch rate per base, % |	0.70%
                         Deletion rate per base |	0.01%
                        Deletion average length |	1.61
                        Insertion rate per base |	0.01%
                       Insertion average length |	1.28
                             MULTI-MAPPING READS:
        Number of reads mapped to multiple loci |	999016
             % of reads mapped to multiple loci |	3.69%
        Number of reads mapped to too many loci |	18355
             % of reads mapped to too many loci |	0.07%
                                  UNMAPPED READS:
       % of reads unmapped: too many mismatches |	0.00%
                 % of reads unmapped: too short |	3.81%
                     % of reads unmapped: other |	0.08%
                                  CHIMERIC READS:
                       Number of chimeric reads |	556048
                            % of chimeric reads |	2.05%
