                                 Started job on |	Apr 30 14:22:11
                             Started mapping on |	Apr 30 14:32:27
                                    Finished on |	Apr 30 14:39:39
       Mapping speed, Million of reads per hour |	210.79

                          Number of input reads |	25295325
                      Average input read length |	187
                                    UNIQUE READS:
                   Uniquely mapped reads number |	23920027
                        Uniquely mapped reads % |	94.56%
                          Average mapped length |	186.22
                       Number of splices: Total |	10212880
            Number of splices: Annotated (sjdb) |	10194928
                       Number of splices: GT/AG |	10115619
                       Number of splices: GC/AG |	69240
                       Number of splices: AT/AC |	6811
               Number of splices: Non-canonical |	21210
                      Mismatch rate per base, % |	0.46%
                         Deletion rate per base |	0.01%
                        Deletion average length |	1.60
                        Insertion rate per base |	0.01%
                       Insertion average length |	1.29
                             MULTI-MAPPING READS:
        Number of reads mapped to multiple loci |	841183
             % of reads mapped to multiple loci |	3.33%
        Number of reads mapped to too many loci |	7975
             % of reads mapped to too many loci |	0.03%
                                  UNMAPPED READS:
       % of reads unmapped: too many mismatches |	0.00%
                 % of reads unmapped: too short |	2.01%
                     % of reads unmapped: other |	0.07%
                                  CHIMERIC READS:
                       Number of chimeric reads |	399556
                            % of chimeric reads |	1.58%
