                                 Started job on |	Apr 30 14:55:26
                             Started mapping on |	Apr 30 15:03:44
                                    Finished on |	Apr 30 15:11:50
       Mapping speed, Million of reads per hour |	217.75

                          Number of input reads |	29395713
                      Average input read length |	187
                                    UNIQUE READS:
                   Uniquely mapped reads number |	27262491
                        Uniquely mapped reads % |	92.74%
                          Average mapped length |	186.47
                       Number of splices: Total |	7935309
            Number of splices: Annotated (sjdb) |	7916607
                       Number of splices: GT/AG |	7858894
                       Number of splices: GC/AG |	51002
                       Number of splices: AT/AC |	5146
               Number of splices: Non-canonical |	20267
                      Mismatch rate per base, % |	0.37%
                         Deletion rate per base |	0.01%
                        Deletion average length |	1.57
                        Insertion rate per base |	0.01%
                       Insertion average length |	1.30
                             MULTI-MAPPING READS:
        Number of reads mapped to multiple loci |	1382427
             % of reads mapped to multiple loci |	4.70%
        Number of reads mapped to too many loci |	14295
             % of reads mapped to too many loci |	0.05%
                                  UNMAPPED READS:
       % of reads unmapped: too many mismatches |	0.00%
                 % of reads unmapped: too short |	2.42%
                     % of reads unmapped: other |	0.09%
                                  CHIMERIC READS:
                       Number of chimeric reads |	635751
                            % of chimeric reads |	2.16%
