                                 Started job on |	Apr 30 16:06:28
                             Started mapping on |	Apr 30 16:15:01
                                    Finished on |	Apr 30 16:20:14
       Mapping speed, Million of reads per hour |	251.40

                          Number of input reads |	21858099
                      Average input read length |	178
                                    UNIQUE READS:
                   Uniquely mapped reads number |	19750267
                        Uniquely mapped reads % |	90.36%
                          Average mapped length |	176.23
                       Number of splices: Total |	7778677
            Number of splices: Annotated (sjdb) |	7763386
                       Number of splices: GT/AG |	7704696
                       Number of splices: GC/AG |	52984
                       Number of splices: AT/AC |	6113
               Number of splices: Non-canonical |	14884
                      Mismatch rate per base, % |	1.01%
                         Deletion rate per base |	0.01%
                        Deletion average length |	1.63
                        Insertion rate per base |	0.01%
                       Insertion average length |	1.31
                             MULTI-MAPPING READS:
        Number of reads mapped to multiple loci |	713116
             % of reads mapped to multiple loci |	3.26%
        Number of reads mapped to too many loci |	8375
             % of reads mapped to too many loci |	0.04%
                                  UNMAPPED READS:
       % of reads unmapped: too many mismatches |	0.00%
                 % of reads unmapped: too short |	6.30%
                     % of reads unmapped: other |	0.04%
                                  CHIMERIC READS:
                       Number of chimeric reads |	529671
                            % of chimeric reads |	2.42%
