                                 Started job on |	Apr 30 14:18:57
                             Started mapping on |	Apr 30 14:27:51
                                    Finished on |	Apr 30 14:34:23
       Mapping speed, Million of reads per hour |	278.27

                          Number of input reads |	30300723
                      Average input read length |	186
                                    UNIQUE READS:
                   Uniquely mapped reads number |	28558779
                        Uniquely mapped reads % |	94.25%
                          Average mapped length |	185.84
                       Number of splices: Total |	12404476
            Number of splices: Annotated (sjdb) |	12383264
                       Number of splices: GT/AG |	12294680
                       Number of splices: GC/AG |	79427
                       Number of splices: AT/AC |	8448
               Number of splices: Non-canonical |	21921
                      Mismatch rate per base, % |	0.48%
                         Deletion rate per base |	0.01%
                        Deletion average length |	1.65
                        Insertion rate per base |	0.01%
                       Insertion average length |	1.29
                             MULTI-MAPPING READS:
        Number of reads mapped to multiple loci |	1048746
             % of reads mapped to multiple loci |	3.46%
        Number of reads mapped to too many loci |	11854
             % of reads mapped to too many loci |	0.04%
                                  UNMAPPED READS:
       % of reads unmapped: too many mismatches |	0.00%
                 % of reads unmapped: too short |	2.19%
                     % of reads unmapped: other |	0.06%
                                  CHIMERIC READS:
                       Number of chimeric reads |	563344
                            % of chimeric reads |	1.86%
