                                 Started job on |	Apr 30 15:39:21
                             Started mapping on |	Apr 30 15:49:59
                                    Finished on |	Apr 30 16:04:13
       Mapping speed, Million of reads per hour |	193.11

                          Number of input reads |	45810788
                      Average input read length |	187
                                    UNIQUE READS:
                   Uniquely mapped reads number |	42943913
                        Uniquely mapped reads % |	93.74%
                          Average mapped length |	186.41
                       Number of splices: Total |	17295992
            Number of splices: Annotated (sjdb) |	17257391
                       Number of splices: GT/AG |	17124586
                       Number of splices: GC/AG |	124736
                       Number of splices: AT/AC |	15279
               Number of splices: Non-canonical |	31391
                      Mismatch rate per base, % |	0.32%
                         Deletion rate per base |	0.01%
                        Deletion average length |	1.61
                        Insertion rate per base |	0.01%
                       Insertion average length |	1.46
                             MULTI-MAPPING READS:
        Number of reads mapped to multiple loci |	1827572
             % of reads mapped to multiple loci |	3.99%
        Number of reads mapped to too many loci |	27037
             % of reads mapped to too many loci |	0.06%
                                  UNMAPPED READS:
       % of reads unmapped: too many mismatches |	0.00%
                 % of reads unmapped: too short |	2.09%
                     % of reads unmapped: other |	0.11%
                                  CHIMERIC READS:
                       Number of chimeric reads |	809913
                            % of chimeric reads |	1.77%
