                                 Started job on |	Apr 30 13:59:40
                             Started mapping on |	Apr 30 14:09:21
                                    Finished on |	Apr 30 14:16:41
       Mapping speed, Million of reads per hour |	221.82

                          Number of input reads |	27111797
                      Average input read length |	186
                                    UNIQUE READS:
                   Uniquely mapped reads number |	25515408
                        Uniquely mapped reads % |	94.11%
                          Average mapped length |	185.70
                       Number of splices: Total |	11945586
            Number of splices: Annotated (sjdb) |	11922083
                       Number of splices: GT/AG |	11820137
                       Number of splices: GC/AG |	78473
                       Number of splices: AT/AC |	9010
               Number of splices: Non-canonical |	37966
                      Mismatch rate per base, % |	0.49%
                         Deletion rate per base |	0.01%
                        Deletion average length |	1.60
                        Insertion rate per base |	0.01%
                       Insertion average length |	1.30
                             MULTI-MAPPING READS:
        Number of reads mapped to multiple loci |	933953
             % of reads mapped to multiple loci |	3.44%
        Number of reads mapped to too many loci |	9483
             % of reads mapped to too many loci |	0.03%
                                  UNMAPPED READS:
       % of reads unmapped: too many mismatches |	0.00%
                 % of reads unmapped: too short |	2.31%
                     % of reads unmapped: other |	0.10%
                                  CHIMERIC READS:
                       Number of chimeric reads |	468656
                            % of chimeric reads |	1.73%
