                                 Started job on |	Apr 30 14:19:29
                             Started mapping on |	Apr 30 14:28:29
                                    Finished on |	Apr 30 14:35:06
       Mapping speed, Million of reads per hour |	273.42

                          Number of input reads |	30151957
                      Average input read length |	187
                                    UNIQUE READS:
                   Uniquely mapped reads number |	28353480
                        Uniquely mapped reads % |	94.04%
                          Average mapped length |	186.02
                       Number of splices: Total |	11712594
            Number of splices: Annotated (sjdb) |	11688960
                       Number of splices: GT/AG |	11596723
                       Number of splices: GC/AG |	83272
                       Number of splices: AT/AC |	9199
               Number of splices: Non-canonical |	23400
                      Mismatch rate per base, % |	0.46%
                         Deletion rate per base |	0.01%
                        Deletion average length |	1.63
                        Insertion rate per base |	0.01%
                       Insertion average length |	1.28
                             MULTI-MAPPING READS:
        Number of reads mapped to multiple loci |	1001722
             % of reads mapped to multiple loci |	3.32%
        Number of reads mapped to too many loci |	13995
             % of reads mapped to too many loci |	0.05%
                                  UNMAPPED READS:
       % of reads unmapped: too many mismatches |	0.00%
                 % of reads unmapped: too short |	2.51%
                     % of reads unmapped: other |	0.08%
                                  CHIMERIC READS:
                       Number of chimeric reads |	592593
                            % of chimeric reads |	1.97%
