                                 Started job on |	Apr 30 15:13:37
                             Started mapping on |	Apr 30 15:21:29
                                    Finished on |	Apr 30 15:28:11
       Mapping speed, Million of reads per hour |	400.46

                          Number of input reads |	44717643
                      Average input read length |	182
                                    UNIQUE READS:
                   Uniquely mapped reads number |	41807758
                        Uniquely mapped reads % |	93.49%
                          Average mapped length |	181.84
                       Number of splices: Total |	15255969
            Number of splices: Annotated (sjdb) |	15231096
                       Number of splices: GT/AG |	15117933
                       Number of splices: GC/AG |	110403
                       Number of splices: AT/AC |	11866
               Number of splices: Non-canonical |	15767
                      Mismatch rate per base, % |	0.50%
                         Deletion rate per base |	0.01%
                        Deletion average length |	1.72
                        Insertion rate per base |	0.01%
                       Insertion average length |	1.37
                             MULTI-MAPPING READS:
        Number of reads mapped to multiple loci |	1861244
             % of reads mapped to multiple loci |	4.16%
        Number of reads mapped to too many loci |	23918
             % of reads mapped to too many loci |	0.05%
                                  UNMAPPED READS:
       % of reads unmapped: too many mismatches |	0.00%
                 % of reads unmapped: too short |	2.23%
                     % of reads unmapped: other |	0.06%
                                  CHIMERIC READS:
                       Number of chimeric reads |	862908
                            % of chimeric reads |	1.93%
