                                 Started job on |	Apr 30 16:04:23
                             Started mapping on |	Apr 30 16:12:26
                                    Finished on |	Apr 30 16:17:32
       Mapping speed, Million of reads per hour |	275.57

                          Number of input reads |	23423149
                      Average input read length |	184
                                    UNIQUE READS:
                   Uniquely mapped reads number |	21736172
                        Uniquely mapped reads % |	92.80%
                          Average mapped length |	182.44
                       Number of splices: Total |	9573470
            Number of splices: Annotated (sjdb) |	9557883
                       Number of splices: GT/AG |	9480454
                       Number of splices: GC/AG |	72837
                       Number of splices: AT/AC |	7838
               Number of splices: Non-canonical |	12341
                      Mismatch rate per base, % |	0.68%
                         Deletion rate per base |	0.01%
                        Deletion average length |	1.67
                        Insertion rate per base |	0.01%
                       Insertion average length |	1.30
                             MULTI-MAPPING READS:
        Number of reads mapped to multiple loci |	750884
             % of reads mapped to multiple loci |	3.21%
        Number of reads mapped to too many loci |	9741
             % of reads mapped to too many loci |	0.04%
                                  UNMAPPED READS:
       % of reads unmapped: too many mismatches |	0.00%
                 % of reads unmapped: too short |	3.89%
                     % of reads unmapped: other |	0.07%
                                  CHIMERIC READS:
                       Number of chimeric reads |	504623
                            % of chimeric reads |	2.15%
