                                 Started job on |	Apr 30 14:46:18
                             Started mapping on |	Apr 30 14:53:30
                                    Finished on |	Apr 30 15:01:25
       Mapping speed, Million of reads per hour |	303.21

                          Number of input reads |	40006976
                      Average input read length |	186
                                    UNIQUE READS:
                   Uniquely mapped reads number |	37744206
                        Uniquely mapped reads % |	94.34%
                          Average mapped length |	185.83
                       Number of splices: Total |	17184499
            Number of splices: Annotated (sjdb) |	17154055
                       Number of splices: GT/AG |	17025968
                       Number of splices: GC/AG |	102140
                       Number of splices: AT/AC |	11605
               Number of splices: Non-canonical |	44786
                      Mismatch rate per base, % |	0.40%
                         Deletion rate per base |	0.01%
                        Deletion average length |	1.60
                        Insertion rate per base |	0.01%
                       Insertion average length |	1.27
                             MULTI-MAPPING READS:
        Number of reads mapped to multiple loci |	1439683
             % of reads mapped to multiple loci |	3.60%
        Number of reads mapped to too many loci |	11050
             % of reads mapped to too many loci |	0.03%
                                  UNMAPPED READS:
       % of reads unmapped: too many mismatches |	0.00%
                 % of reads unmapped: too short |	1.94%
                     % of reads unmapped: other |	0.09%
                                  CHIMERIC READS:
                       Number of chimeric reads |	605011
                            % of chimeric reads |	1.51%
