                                 Started job on |	Apr 30 15:58:44
                             Started mapping on |	Apr 30 16:06:11
                                    Finished on |	Apr 30 16:10:04
       Mapping speed, Million of reads per hour |	425.54

                          Number of input reads |	27541585
                      Average input read length |	184
                                    UNIQUE READS:
                   Uniquely mapped reads number |	25498306
                        Uniquely mapped reads % |	92.58%
                          Average mapped length |	182.71
                       Number of splices: Total |	9249111
            Number of splices: Annotated (sjdb) |	9231933
                       Number of splices: GT/AG |	9160495
                       Number of splices: GC/AG |	67384
                       Number of splices: AT/AC |	7826
               Number of splices: Non-canonical |	13406
                      Mismatch rate per base, % |	0.67%
                         Deletion rate per base |	0.01%
                        Deletion average length |	1.64
                        Insertion rate per base |	0.01%
                       Insertion average length |	1.27
                             MULTI-MAPPING READS:
        Number of reads mapped to multiple loci |	909512
             % of reads mapped to multiple loci |	3.30%
        Number of reads mapped to too many loci |	12582
             % of reads mapped to too many loci |	0.05%
                                  UNMAPPED READS:
       % of reads unmapped: too many mismatches |	0.00%
                 % of reads unmapped: too short |	4.01%
                     % of reads unmapped: other |	0.06%
                                  CHIMERIC READS:
                       Number of chimeric reads |	551698
                            % of chimeric reads |	2.00%
