                                 Started job on |	Apr 30 13:59:34
                             Started mapping on |	Apr 30 14:10:13
                                    Finished on |	Apr 30 14:17:17
       Mapping speed, Million of reads per hour |	293.55

                          Number of input reads |	34573415
                      Average input read length |	183
                                    UNIQUE READS:
                   Uniquely mapped reads number |	32516397
                        Uniquely mapped reads % |	94.05%
                          Average mapped length |	182.54
                       Number of splices: Total |	12261957
            Number of splices: Annotated (sjdb) |	12238053
                       Number of splices: GT/AG |	12149783
                       Number of splices: GC/AG |	76597
                       Number of splices: AT/AC |	8571
               Number of splices: Non-canonical |	27006
                      Mismatch rate per base, % |	0.48%
                         Deletion rate per base |	0.01%
                        Deletion average length |	1.60
                        Insertion rate per base |	0.01%
                       Insertion average length |	1.28
                             MULTI-MAPPING READS:
        Number of reads mapped to multiple loci |	1206550
             % of reads mapped to multiple loci |	3.49%
        Number of reads mapped to too many loci |	11498
             % of reads mapped to too many loci |	0.03%
                                  UNMAPPED READS:
       % of reads unmapped: too many mismatches |	0.00%
                 % of reads unmapped: too short |	2.38%
                     % of reads unmapped: other |	0.05%
                                  CHIMERIC READS:
                       Number of chimeric reads |	608127
                            % of chimeric reads |	1.76%
