                                 Started job on |	Apr 30 15:31:31
                             Started mapping on |	Apr 30 15:45:32
                                    Finished on |	Apr 30 16:10:06
       Mapping speed, Million of reads per hour |	136.03

                          Number of input reads |	55697987
                      Average input read length |	182
                                    UNIQUE READS:
                   Uniquely mapped reads number |	51716285
                        Uniquely mapped reads % |	92.85%
                          Average mapped length |	181.62
                       Number of splices: Total |	22704162
            Number of splices: Annotated (sjdb) |	22639598
                       Number of splices: GT/AG |	22453046
                       Number of splices: GC/AG |	166568
                       Number of splices: AT/AC |	19822
               Number of splices: Non-canonical |	64726
                      Mismatch rate per base, % |	0.38%
                         Deletion rate per base |	0.01%
                        Deletion average length |	1.55
                        Insertion rate per base |	0.01%
                       Insertion average length |	1.39
                             MULTI-MAPPING READS:
        Number of reads mapped to multiple loci |	2452484
             % of reads mapped to multiple loci |	4.40%
        Number of reads mapped to too many loci |	25712
             % of reads mapped to too many loci |	0.05%
                                  UNMAPPED READS:
       % of reads unmapped: too many mismatches |	0.00%
                 % of reads unmapped: too short |	2.52%
                     % of reads unmapped: other |	0.17%
                                  CHIMERIC READS:
                       Number of chimeric reads |	891363
                            % of chimeric reads |	1.60%
