                                 Started job on |	Apr 30 13:59:34
                             Started mapping on |	Apr 30 14:09:29
                                    Finished on |	Apr 30 14:17:38
       Mapping speed, Million of reads per hour |	282.69

                          Number of input reads |	38398122
                      Average input read length |	184
                                    UNIQUE READS:
                   Uniquely mapped reads number |	36553906
                        Uniquely mapped reads % |	95.20%
                          Average mapped length |	183.92
                       Number of splices: Total |	17929977
            Number of splices: Annotated (sjdb) |	17903105
                       Number of splices: GT/AG |	17767339
                       Number of splices: GC/AG |	114369
                       Number of splices: AT/AC |	12840
               Number of splices: Non-canonical |	35429
                      Mismatch rate per base, % |	0.46%
                         Deletion rate per base |	0.01%
                        Deletion average length |	1.63
                        Insertion rate per base |	0.01%
                       Insertion average length |	1.29
                             MULTI-MAPPING READS:
        Number of reads mapped to multiple loci |	1111848
             % of reads mapped to multiple loci |	2.90%
        Number of reads mapped to too many loci |	9278
             % of reads mapped to too many loci |	0.02%
                                  UNMAPPED READS:
       % of reads unmapped: too many mismatches |	0.00%
                 % of reads unmapped: too short |	1.82%
                     % of reads unmapped: other |	0.06%
                                  CHIMERIC READS:
                       Number of chimeric reads |	619466
                            % of chimeric reads |	1.61%
