                                 Started job on |	Apr 30 13:59:31
                             Started mapping on |	Apr 30 14:12:03
                                    Finished on |	Apr 30 14:26:57
       Mapping speed, Million of reads per hour |	168.30

                          Number of input reads |	41794394
                      Average input read length |	185
                                    UNIQUE READS:
                   Uniquely mapped reads number |	39339221
                        Uniquely mapped reads % |	94.13%
                          Average mapped length |	184.01
                       Number of splices: Total |	19610951
            Number of splices: Annotated (sjdb) |	19576452
                       Number of splices: GT/AG |	19412410
                       Number of splices: GC/AG |	128989
                       Number of splices: AT/AC |	13670
               Number of splices: Non-canonical |	55882
                      Mismatch rate per base, % |	0.40%
                         Deletion rate per base |	0.01%
                        Deletion average length |	1.63
                        Insertion rate per base |	0.01%
                       Insertion average length |	1.31
                             MULTI-MAPPING READS:
        Number of reads mapped to multiple loci |	1472341
             % of reads mapped to multiple loci |	3.52%
        Number of reads mapped to too many loci |	11915
             % of reads mapped to too many loci |	0.03%
                                  UNMAPPED READS:
       % of reads unmapped: too many mismatches |	0.00%
                 % of reads unmapped: too short |	2.19%
                     % of reads unmapped: other |	0.13%
                                  CHIMERIC READS:
                       Number of chimeric reads |	671921
                            % of chimeric reads |	1.61%
