                                 Started job on |	Apr 30 14:48:01
                             Started mapping on |	Apr 30 15:00:03
                                    Finished on |	Apr 30 15:11:46
       Mapping speed, Million of reads per hour |	219.89

                          Number of input reads |	42939128
                      Average input read length |	186
                                    UNIQUE READS:
                   Uniquely mapped reads number |	41004795
                        Uniquely mapped reads % |	95.50%
                          Average mapped length |	185.43
                       Number of splices: Total |	17862696
            Number of splices: Annotated (sjdb) |	17832245
                       Number of splices: GT/AG |	17702075
                       Number of splices: GC/AG |	114630
                       Number of splices: AT/AC |	13125
               Number of splices: Non-canonical |	32866
                      Mismatch rate per base, % |	0.39%
                         Deletion rate per base |	0.01%
                        Deletion average length |	1.65
                        Insertion rate per base |	0.01%
                       Insertion average length |	1.30
                             MULTI-MAPPING READS:
        Number of reads mapped to multiple loci |	1202855
             % of reads mapped to multiple loci |	2.80%
        Number of reads mapped to too many loci |	12980
             % of reads mapped to too many loci |	0.03%
                                  UNMAPPED READS:
       % of reads unmapped: too many mismatches |	0.00%
                 % of reads unmapped: too short |	1.62%
                     % of reads unmapped: other |	0.05%
                                  CHIMERIC READS:
                       Number of chimeric reads |	665595
                            % of chimeric reads |	1.55%
