                                 Started job on |	Apr 30 14:39:15
                             Started mapping on |	Apr 30 14:47:38
                                    Finished on |	Apr 30 14:52:26
       Mapping speed, Million of reads per hour |	303.42

                          Number of input reads |	24273450
                      Average input read length |	186
                                    UNIQUE READS:
                   Uniquely mapped reads number |	22877041
                        Uniquely mapped reads % |	94.25%
                          Average mapped length |	185.39
                       Number of splices: Total |	10245172
            Number of splices: Annotated (sjdb) |	10224416
                       Number of splices: GT/AG |	10143122
                       Number of splices: GC/AG |	65628
                       Number of splices: AT/AC |	7722
               Number of splices: Non-canonical |	28700
                      Mismatch rate per base, % |	0.38%
                         Deletion rate per base |	0.01%
                        Deletion average length |	1.62
                        Insertion rate per base |	0.01%
                       Insertion average length |	1.34
                             MULTI-MAPPING READS:
        Number of reads mapped to multiple loci |	787216
             % of reads mapped to multiple loci |	3.24%
        Number of reads mapped to too many loci |	8881
             % of reads mapped to too many loci |	0.04%
                                  UNMAPPED READS:
       % of reads unmapped: too many mismatches |	0.00%
                 % of reads unmapped: too short |	2.41%
                     % of reads unmapped: other |	0.06%
                                  CHIMERIC READS:
                       Number of chimeric reads |	511704
                            % of chimeric reads |	2.11%
