                                 Started job on |	Apr 30 14:35:50
                             Started mapping on |	Apr 30 14:44:24
                                    Finished on |	Apr 30 14:50:28
       Mapping speed, Million of reads per hour |	301.29

                          Number of input reads |	30464070
                      Average input read length |	189
                                    UNIQUE READS:
                   Uniquely mapped reads number |	28708112
                        Uniquely mapped reads % |	94.24%
                          Average mapped length |	188.09
                       Number of splices: Total |	13471333
            Number of splices: Annotated (sjdb) |	13449490
                       Number of splices: GT/AG |	13351690
                       Number of splices: GC/AG |	83465
                       Number of splices: AT/AC |	9804
               Number of splices: Non-canonical |	26374
                      Mismatch rate per base, % |	0.36%
                         Deletion rate per base |	0.01%
                        Deletion average length |	1.60
                        Insertion rate per base |	0.01%
                       Insertion average length |	1.29
                             MULTI-MAPPING READS:
        Number of reads mapped to multiple loci |	1061609
             % of reads mapped to multiple loci |	3.48%
        Number of reads mapped to too many loci |	7266
             % of reads mapped to too many loci |	0.02%
                                  UNMAPPED READS:
       % of reads unmapped: too many mismatches |	0.00%
                 % of reads unmapped: too short |	2.21%
                     % of reads unmapped: other |	0.05%
                                  CHIMERIC READS:
                       Number of chimeric reads |	541377
                            % of chimeric reads |	1.78%
