                                 Started job on |	Apr 30 14:17:26
                             Started mapping on |	Apr 30 14:27:32
                                    Finished on |	Apr 30 14:34:16
       Mapping speed, Million of reads per hour |	281.44

                          Number of input reads |	31584010
                      Average input read length |	186
                                    UNIQUE READS:
                   Uniquely mapped reads number |	29878523
                        Uniquely mapped reads % |	94.60%
                          Average mapped length |	185.45
                       Number of splices: Total |	13201327
            Number of splices: Annotated (sjdb) |	13180557
                       Number of splices: GT/AG |	13082381
                       Number of splices: GC/AG |	85874
                       Number of splices: AT/AC |	10733
               Number of splices: Non-canonical |	22339
                      Mismatch rate per base, % |	0.49%
                         Deletion rate per base |	0.01%
                        Deletion average length |	1.65
                        Insertion rate per base |	0.01%
                       Insertion average length |	1.28
                             MULTI-MAPPING READS:
        Number of reads mapped to multiple loci |	972845
             % of reads mapped to multiple loci |	3.08%
        Number of reads mapped to too many loci |	10889
             % of reads mapped to too many loci |	0.03%
                                  UNMAPPED READS:
       % of reads unmapped: too many mismatches |	0.00%
                 % of reads unmapped: too short |	2.23%
                     % of reads unmapped: other |	0.06%
                                  CHIMERIC READS:
                       Number of chimeric reads |	613224
                            % of chimeric reads |	1.94%
