                                 Started job on |	Apr 30 14:52:38
                             Started mapping on |	Apr 30 15:01:51
                                    Finished on |	Apr 30 15:11:11
       Mapping speed, Million of reads per hour |	201.16

                          Number of input reads |	31291122
                      Average input read length |	184
                                    UNIQUE READS:
                   Uniquely mapped reads number |	29231399
                        Uniquely mapped reads % |	93.42%
                          Average mapped length |	184.10
                       Number of splices: Total |	11278779
            Number of splices: Annotated (sjdb) |	11257183
                       Number of splices: GT/AG |	11180630
                       Number of splices: GC/AG |	72278
                       Number of splices: AT/AC |	7923
               Number of splices: Non-canonical |	17948
                      Mismatch rate per base, % |	0.40%
                         Deletion rate per base |	0.01%
                        Deletion average length |	1.58
                        Insertion rate per base |	0.01%
                       Insertion average length |	1.27
                             MULTI-MAPPING READS:
        Number of reads mapped to multiple loci |	1469336
             % of reads mapped to multiple loci |	4.70%
        Number of reads mapped to too many loci |	11640
             % of reads mapped to too many loci |	0.04%
                                  UNMAPPED READS:
       % of reads unmapped: too many mismatches |	0.00%
                 % of reads unmapped: too short |	1.81%
                     % of reads unmapped: other |	0.04%
                                  CHIMERIC READS:
                       Number of chimeric reads |	527653
                            % of chimeric reads |	1.69%
