                                 Started job on |	Apr 30 14:53:55
                             Started mapping on |	Apr 30 15:03:23
                                    Finished on |	Apr 30 15:11:30
       Mapping speed, Million of reads per hour |	227.58

                          Number of input reads |	30786415
                      Average input read length |	184
                                    UNIQUE READS:
                   Uniquely mapped reads number |	29190891
                        Uniquely mapped reads % |	94.82%
                          Average mapped length |	183.35
                       Number of splices: Total |	12723232
            Number of splices: Annotated (sjdb) |	12701672
                       Number of splices: GT/AG |	12612153
                       Number of splices: GC/AG |	82080
                       Number of splices: AT/AC |	9753
               Number of splices: Non-canonical |	19246
                      Mismatch rate per base, % |	0.45%
                         Deletion rate per base |	0.01%
                        Deletion average length |	1.64
                        Insertion rate per base |	0.01%
                       Insertion average length |	1.30
                             MULTI-MAPPING READS:
        Number of reads mapped to multiple loci |	933389
             % of reads mapped to multiple loci |	3.03%
        Number of reads mapped to too many loci |	9675
             % of reads mapped to too many loci |	0.03%
                                  UNMAPPED READS:
       % of reads unmapped: too many mismatches |	0.00%
                 % of reads unmapped: too short |	2.06%
                     % of reads unmapped: other |	0.06%
                                  CHIMERIC READS:
                       Number of chimeric reads |	586991
                            % of chimeric reads |	1.91%
