                                 Started job on |	Apr 30 14:21:41
                             Started mapping on |	Apr 30 14:27:58
                                    Finished on |	Apr 30 14:32:09
       Mapping speed, Million of reads per hour |	418.07

                          Number of input reads |	29148862
                      Average input read length |	187
                                    UNIQUE READS:
                   Uniquely mapped reads number |	27589704
                        Uniquely mapped reads % |	94.65%
                          Average mapped length |	186.10
                       Number of splices: Total |	13816308
            Number of splices: Annotated (sjdb) |	13798221
                       Number of splices: GT/AG |	13696184
                       Number of splices: GC/AG |	91454
                       Number of splices: AT/AC |	8689
               Number of splices: Non-canonical |	19981
                      Mismatch rate per base, % |	0.45%
                         Deletion rate per base |	0.01%
                        Deletion average length |	1.59
                        Insertion rate per base |	0.01%
                       Insertion average length |	1.30
                             MULTI-MAPPING READS:
        Number of reads mapped to multiple loci |	973814
             % of reads mapped to multiple loci |	3.34%
        Number of reads mapped to too many loci |	8201
             % of reads mapped to too many loci |	0.03%
                                  UNMAPPED READS:
       % of reads unmapped: too many mismatches |	0.00%
                 % of reads unmapped: too short |	1.94%
                     % of reads unmapped: other |	0.04%
                                  CHIMERIC READS:
                       Number of chimeric reads |	491174
                            % of chimeric reads |	1.69%
