                                 Started job on |	Apr 30 14:58:26
                             Started mapping on |	Apr 30 15:13:33
                                    Finished on |	Apr 30 15:36:40
       Mapping speed, Million of reads per hour |	240.25

                          Number of input reads |	92561682
                      Average input read length |	187
                                    UNIQUE READS:
                   Uniquely mapped reads number |	86425637
                        Uniquely mapped reads % |	93.37%
                          Average mapped length |	186.56
                       Number of splices: Total |	34446657
            Number of splices: Annotated (sjdb) |	34387797
                       Number of splices: GT/AG |	34130808
                       Number of splices: GC/AG |	232281
                       Number of splices: AT/AC |	25465
               Number of splices: Non-canonical |	58103
                      Mismatch rate per base, % |	0.35%
                         Deletion rate per base |	0.01%
                        Deletion average length |	1.55
                        Insertion rate per base |	0.01%
                       Insertion average length |	1.29
                             MULTI-MAPPING READS:
        Number of reads mapped to multiple loci |	3874918
             % of reads mapped to multiple loci |	4.19%
        Number of reads mapped to too many loci |	49840
             % of reads mapped to too many loci |	0.05%
                                  UNMAPPED READS:
       % of reads unmapped: too many mismatches |	0.00%
                 % of reads unmapped: too short |	2.31%
                     % of reads unmapped: other |	0.07%
                                  CHIMERIC READS:
                       Number of chimeric reads |	1967136
                            % of chimeric reads |	2.13%
