                                 Started job on |	Apr 30 15:37:00
                             Started mapping on |	Apr 30 15:48:14
                                    Finished on |	Apr 30 16:02:28
       Mapping speed, Million of reads per hour |	229.56

                          Number of input reads |	54457448
                      Average input read length |	187
                                    UNIQUE READS:
                   Uniquely mapped reads number |	51847748
                        Uniquely mapped reads % |	95.21%
                          Average mapped length |	186.87
                       Number of splices: Total |	24032967
            Number of splices: Annotated (sjdb) |	23987642
                       Number of splices: GT/AG |	23808540
                       Number of splices: GC/AG |	159443
                       Number of splices: AT/AC |	19312
               Number of splices: Non-canonical |	45672
                      Mismatch rate per base, % |	0.31%
                         Deletion rate per base |	0.01%
                        Deletion average length |	1.67
                        Insertion rate per base |	0.01%
                       Insertion average length |	1.41
                             MULTI-MAPPING READS:
        Number of reads mapped to multiple loci |	1500756
             % of reads mapped to multiple loci |	2.76%
        Number of reads mapped to too many loci |	16379
             % of reads mapped to too many loci |	0.03%
                                  UNMAPPED READS:
       % of reads unmapped: too many mismatches |	0.00%
                 % of reads unmapped: too short |	1.94%
                     % of reads unmapped: other |	0.07%
                                  CHIMERIC READS:
                       Number of chimeric reads |	904001
                            % of chimeric reads |	1.66%
