                                 Started job on |	Apr 30 13:59:36
                             Started mapping on |	Apr 30 14:09:59
                                    Finished on |	Apr 30 14:18:21
       Mapping speed, Million of reads per hour |	214.33

                          Number of input reads |	29887514
                      Average input read length |	183
                                    UNIQUE READS:
                   Uniquely mapped reads number |	27831880
                        Uniquely mapped reads % |	93.12%
                          Average mapped length |	182.43
                       Number of splices: Total |	10481326
            Number of splices: Annotated (sjdb) |	10460612
                       Number of splices: GT/AG |	10382346
                       Number of splices: GC/AG |	69449
                       Number of splices: AT/AC |	7576
               Number of splices: Non-canonical |	21955
                      Mismatch rate per base, % |	0.48%
                         Deletion rate per base |	0.01%
                        Deletion average length |	1.57
                        Insertion rate per base |	0.01%
                       Insertion average length |	1.27
                             MULTI-MAPPING READS:
        Number of reads mapped to multiple loci |	1257203
             % of reads mapped to multiple loci |	4.21%
        Number of reads mapped to too many loci |	10162
             % of reads mapped to too many loci |	0.03%
                                  UNMAPPED READS:
       % of reads unmapped: too many mismatches |	0.00%
                 % of reads unmapped: too short |	2.56%
                     % of reads unmapped: other |	0.08%
                                  CHIMERIC READS:
                       Number of chimeric reads |	506517
                            % of chimeric reads |	1.69%
