                                 Started job on |	Apr 30 14:51:06
                             Started mapping on |	Apr 30 15:00:57
                                    Finished on |	Apr 30 15:12:40
       Mapping speed, Million of reads per hour |	193.56

                          Number of input reads |	37798201
                      Average input read length |	184
                                    UNIQUE READS:
                   Uniquely mapped reads number |	35542115
                        Uniquely mapped reads % |	94.03%
                          Average mapped length |	183.81
                       Number of splices: Total |	16877988
            Number of splices: Annotated (sjdb) |	16849841
                       Number of splices: GT/AG |	16730950
                       Number of splices: GC/AG |	99669
                       Number of splices: AT/AC |	11294
               Number of splices: Non-canonical |	36075
                      Mismatch rate per base, % |	0.40%
                         Deletion rate per base |	0.01%
                        Deletion average length |	1.61
                        Insertion rate per base |	0.01%
                       Insertion average length |	1.29
                             MULTI-MAPPING READS:
        Number of reads mapped to multiple loci |	1415522
             % of reads mapped to multiple loci |	3.74%
        Number of reads mapped to too many loci |	8635
             % of reads mapped to too many loci |	0.02%
                                  UNMAPPED READS:
       % of reads unmapped: too many mismatches |	0.00%
                 % of reads unmapped: too short |	2.10%
                     % of reads unmapped: other |	0.10%
                                  CHIMERIC READS:
                       Number of chimeric reads |	623335
                            % of chimeric reads |	1.65%
