                                 Started job on |	Apr 30 16:05:29
                             Started mapping on |	Apr 30 16:14:00
                                    Finished on |	Apr 30 16:19:30
       Mapping speed, Million of reads per hour |	286.89

                          Number of input reads |	26298665
                      Average input read length |	184
                                    UNIQUE READS:
                   Uniquely mapped reads number |	24399839
                        Uniquely mapped reads % |	92.78%
                          Average mapped length |	182.49
                       Number of splices: Total |	10420495
            Number of splices: Annotated (sjdb) |	10402383
                       Number of splices: GT/AG |	10322715
                       Number of splices: GC/AG |	74087
                       Number of splices: AT/AC |	8654
               Number of splices: Non-canonical |	15039
                      Mismatch rate per base, % |	0.69%
                         Deletion rate per base |	0.01%
                        Deletion average length |	1.64
                        Insertion rate per base |	0.01%
                       Insertion average length |	1.30
                             MULTI-MAPPING READS:
        Number of reads mapped to multiple loci |	789107
             % of reads mapped to multiple loci |	3.00%
        Number of reads mapped to too many loci |	10594
             % of reads mapped to too many loci |	0.04%
                                  UNMAPPED READS:
       % of reads unmapped: too many mismatches |	0.00%
                 % of reads unmapped: too short |	4.12%
                     % of reads unmapped: other |	0.06%
                                  CHIMERIC READS:
                       Number of chimeric reads |	604721
                            % of chimeric reads |	2.30%
