                                 Started job on |	Apr 30 13:59:31
                             Started mapping on |	Apr 30 14:09:33
                                    Finished on |	Apr 30 14:17:29
       Mapping speed, Million of reads per hour |	296.58

                          Number of input reads |	39214365
                      Average input read length |	185
                                    UNIQUE READS:
                   Uniquely mapped reads number |	37399978
                        Uniquely mapped reads % |	95.37%
                          Average mapped length |	184.55
                       Number of splices: Total |	17611202
            Number of splices: Annotated (sjdb) |	17583141
                       Number of splices: GT/AG |	17452302
                       Number of splices: GC/AG |	112872
                       Number of splices: AT/AC |	13324
               Number of splices: Non-canonical |	32704
                      Mismatch rate per base, % |	0.39%
                         Deletion rate per base |	0.01%
                        Deletion average length |	1.68
                        Insertion rate per base |	0.01%
                       Insertion average length |	1.29
                             MULTI-MAPPING READS:
        Number of reads mapped to multiple loci |	1112390
             % of reads mapped to multiple loci |	2.84%
        Number of reads mapped to too many loci |	10352
             % of reads mapped to too many loci |	0.03%
                                  UNMAPPED READS:
       % of reads unmapped: too many mismatches |	0.00%
                 % of reads unmapped: too short |	1.71%
                     % of reads unmapped: other |	0.05%
                                  CHIMERIC READS:
                       Number of chimeric reads |	645881
                            % of chimeric reads |	1.65%
