                                 Started job on |	Apr 30 14:33:09
                             Started mapping on |	Apr 30 14:39:24
                                    Finished on |	Apr 30 14:45:17
       Mapping speed, Million of reads per hour |	305.86

                          Number of input reads |	29991515
                      Average input read length |	189
                                    UNIQUE READS:
                   Uniquely mapped reads number |	28413351
                        Uniquely mapped reads % |	94.74%
                          Average mapped length |	188.44
                       Number of splices: Total |	11815112
            Number of splices: Annotated (sjdb) |	11796480
                       Number of splices: GT/AG |	11712162
                       Number of splices: GC/AG |	77100
                       Number of splices: AT/AC |	8793
               Number of splices: Non-canonical |	17057
                      Mismatch rate per base, % |	0.37%
                         Deletion rate per base |	0.01%
                        Deletion average length |	1.56
                        Insertion rate per base |	0.01%
                       Insertion average length |	1.27
                             MULTI-MAPPING READS:
        Number of reads mapped to multiple loci |	962194
             % of reads mapped to multiple loci |	3.21%
        Number of reads mapped to too many loci |	10458
             % of reads mapped to too many loci |	0.03%
                                  UNMAPPED READS:
       % of reads unmapped: too many mismatches |	0.00%
                 % of reads unmapped: too short |	1.97%
                     % of reads unmapped: other |	0.05%
                                  CHIMERIC READS:
                       Number of chimeric reads |	534107
                            % of chimeric reads |	1.78%
