                                 Started job on |	Apr 30 14:19:08
                             Started mapping on |	Apr 30 14:27:33
                                    Finished on |	Apr 30 14:32:41
       Mapping speed, Million of reads per hour |	318.99

                          Number of input reads |	27291563
                      Average input read length |	186
                                    UNIQUE READS:
                   Uniquely mapped reads number |	25892393
                        Uniquely mapped reads % |	94.87%
                          Average mapped length |	185.96
                       Number of splices: Total |	11054490
            Number of splices: Annotated (sjdb) |	11036040
                       Number of splices: GT/AG |	10958472
                       Number of splices: GC/AG |	72155
                       Number of splices: AT/AC |	8337
               Number of splices: Non-canonical |	15526
                      Mismatch rate per base, % |	0.48%
                         Deletion rate per base |	0.01%
                        Deletion average length |	1.62
                        Insertion rate per base |	0.01%
                       Insertion average length |	1.27
                             MULTI-MAPPING READS:
        Number of reads mapped to multiple loci |	804517
             % of reads mapped to multiple loci |	2.95%
        Number of reads mapped to too many loci |	8822
             % of reads mapped to too many loci |	0.03%
                                  UNMAPPED READS:
       % of reads unmapped: too many mismatches |	0.00%
                 % of reads unmapped: too short |	2.10%
                     % of reads unmapped: other |	0.05%
                                  CHIMERIC READS:
                       Number of chimeric reads |	507338
                            % of chimeric reads |	1.86%
