                                 Started job on |	Apr 30 15:41:06
                             Started mapping on |	Apr 30 15:51:44
                                    Finished on |	Apr 30 16:46:31
       Mapping speed, Million of reads per hour |	45.38

                          Number of input reads |	41432816
                      Average input read length |	186
                                    UNIQUE READS:
                   Uniquely mapped reads number |	36925316
                        Uniquely mapped reads % |	89.12%
                          Average mapped length |	184.96
                       Number of splices: Total |	15431981
            Number of splices: Annotated (sjdb) |	15375084
                       Number of splices: GT/AG |	15274403
                       Number of splices: GC/AG |	99690
                       Number of splices: AT/AC |	10996
               Number of splices: Non-canonical |	46892
                      Mismatch rate per base, % |	0.39%
                         Deletion rate per base |	0.01%
                        Deletion average length |	1.55
                        Insertion rate per base |	0.01%
                       Insertion average length |	1.37
                             MULTI-MAPPING READS:
        Number of reads mapped to multiple loci |	2809439
             % of reads mapped to multiple loci |	6.78%
        Number of reads mapped to too many loci |	20082
             % of reads mapped to too many loci |	0.05%
                                  UNMAPPED READS:
       % of reads unmapped: too many mismatches |	0.00%
                 % of reads unmapped: too short |	3.77%
                     % of reads unmapped: other |	0.28%
                                  CHIMERIC READS:
                       Number of chimeric reads |	698740
                            % of chimeric reads |	1.69%
