                                 Started job on |	Apr 30 14:34:03
                             Started mapping on |	Apr 30 14:43:13
                                    Finished on |	Apr 30 14:52:34
       Mapping speed, Million of reads per hour |	221.43

                          Number of input reads |	34506735
                      Average input read length |	189
                                    UNIQUE READS:
                   Uniquely mapped reads number |	32352351
                        Uniquely mapped reads % |	93.76%
                          Average mapped length |	188.12
                       Number of splices: Total |	15830349
            Number of splices: Annotated (sjdb) |	15798073
                       Number of splices: GT/AG |	15688389
                       Number of splices: GC/AG |	96175
                       Number of splices: AT/AC |	11538
               Number of splices: Non-canonical |	34247
                      Mismatch rate per base, % |	0.38%
                         Deletion rate per base |	0.01%
                        Deletion average length |	1.61
                        Insertion rate per base |	0.01%
                       Insertion average length |	1.29
                             MULTI-MAPPING READS:
        Number of reads mapped to multiple loci |	1251638
             % of reads mapped to multiple loci |	3.63%
        Number of reads mapped to too many loci |	9018
             % of reads mapped to too many loci |	0.03%
                                  UNMAPPED READS:
       % of reads unmapped: too many mismatches |	0.00%
                 % of reads unmapped: too short |	2.46%
                     % of reads unmapped: other |	0.13%
                                  CHIMERIC READS:
                       Number of chimeric reads |	613697
                            % of chimeric reads |	1.78%
