                                 Started job on |	Apr 30 15:44:12
                             Started mapping on |	Apr 30 15:56:22
                                    Finished on |	Apr 30 16:09:52
       Mapping speed, Million of reads per hour |	244.73

                          Number of input reads |	55064041
                      Average input read length |	186
                                    UNIQUE READS:
                   Uniquely mapped reads number |	52154800
                        Uniquely mapped reads % |	94.72%
                          Average mapped length |	185.26
                       Number of splices: Total |	26252431
            Number of splices: Annotated (sjdb) |	26210306
                       Number of splices: GT/AG |	26012379
                       Number of splices: GC/AG |	185425
                       Number of splices: AT/AC |	22879
               Number of splices: Non-canonical |	31748
                      Mismatch rate per base, % |	0.33%
                         Deletion rate per base |	0.01%
                        Deletion average length |	1.56
                        Insertion rate per base |	0.01%
                       Insertion average length |	1.41
                             MULTI-MAPPING READS:
        Number of reads mapped to multiple loci |	1795891
             % of reads mapped to multiple loci |	3.26%
        Number of reads mapped to too many loci |	43015
             % of reads mapped to too many loci |	0.08%
                                  UNMAPPED READS:
       % of reads unmapped: too many mismatches |	0.00%
                 % of reads unmapped: too short |	1.76%
                     % of reads unmapped: other |	0.19%
                                  CHIMERIC READS:
                       Number of chimeric reads |	880204
                            % of chimeric reads |	1.60%
