                                 Started job on |	Apr 30 15:02:47
                             Started mapping on |	Apr 30 15:08:43
                                    Finished on |	Apr 30 15:12:52
       Mapping speed, Million of reads per hour |	326.34

                          Number of input reads |	22571665
                      Average input read length |	188
                                    UNIQUE READS:
                   Uniquely mapped reads number |	21333700
                        Uniquely mapped reads % |	94.52%
                          Average mapped length |	187.81
                       Number of splices: Total |	10432654
            Number of splices: Annotated (sjdb) |	10416889
                       Number of splices: GT/AG |	10348042
                       Number of splices: GC/AG |	64648
                       Number of splices: AT/AC |	6635
               Number of splices: Non-canonical |	13329
                      Mismatch rate per base, % |	0.25%
                         Deletion rate per base |	0.01%
                        Deletion average length |	1.45
                        Insertion rate per base |	0.01%
                       Insertion average length |	1.30
                             MULTI-MAPPING READS:
        Number of reads mapped to multiple loci |	778168
             % of reads mapped to multiple loci |	3.45%
        Number of reads mapped to too many loci |	7667
             % of reads mapped to too many loci |	0.03%
                                  UNMAPPED READS:
       % of reads unmapped: too many mismatches |	0.00%
                 % of reads unmapped: too short |	1.95%
                     % of reads unmapped: other |	0.06%
                                  CHIMERIC READS:
                       Number of chimeric reads |	407553
                            % of chimeric reads |	1.81%
