                                 Started job on |	Apr 30 15:29:54
                             Started mapping on |	Apr 30 15:38:35
                                    Finished on |	Apr 30 15:46:12
       Mapping speed, Million of reads per hour |	366.93

                          Number of input reads |	46580269
                      Average input read length |	182
                                    UNIQUE READS:
                   Uniquely mapped reads number |	43778373
                        Uniquely mapped reads % |	93.98%
                          Average mapped length |	181.60
                       Number of splices: Total |	15349765
            Number of splices: Annotated (sjdb) |	15322024
                       Number of splices: GT/AG |	15201309
                       Number of splices: GC/AG |	105329
                       Number of splices: AT/AC |	11659
               Number of splices: Non-canonical |	31468
                      Mismatch rate per base, % |	0.37%
                         Deletion rate per base |	0.01%
                        Deletion average length |	1.56
                        Insertion rate per base |	0.01%
                       Insertion average length |	1.30
                             MULTI-MAPPING READS:
        Number of reads mapped to multiple loci |	1846855
             % of reads mapped to multiple loci |	3.96%
        Number of reads mapped to too many loci |	20617
             % of reads mapped to too many loci |	0.04%
                                  UNMAPPED READS:
       % of reads unmapped: too many mismatches |	0.00%
                 % of reads unmapped: too short |	1.93%
                     % of reads unmapped: other |	0.08%
                                  CHIMERIC READS:
                       Number of chimeric reads |	696750
                            % of chimeric reads |	1.50%
