                                 Started job on |	Apr 30 14:35:09
                             Started mapping on |	Apr 30 14:45:05
                                    Finished on |	Apr 30 14:52:09
       Mapping speed, Million of reads per hour |	291.47

                          Number of input reads |	34328697
                      Average input read length |	188
                                    UNIQUE READS:
                   Uniquely mapped reads number |	32519587
                        Uniquely mapped reads % |	94.73%
                          Average mapped length |	186.91
                       Number of splices: Total |	16961666
            Number of splices: Annotated (sjdb) |	16937294
                       Number of splices: GT/AG |	16814128
                       Number of splices: GC/AG |	102949
                       Number of splices: AT/AC |	12597
               Number of splices: Non-canonical |	31992
                      Mismatch rate per base, % |	0.37%
                         Deletion rate per base |	0.01%
                        Deletion average length |	1.65
                        Insertion rate per base |	0.01%
                       Insertion average length |	1.28
                             MULTI-MAPPING READS:
        Number of reads mapped to multiple loci |	1020499
             % of reads mapped to multiple loci |	2.97%
        Number of reads mapped to too many loci |	9718
             % of reads mapped to too many loci |	0.03%
                                  UNMAPPED READS:
       % of reads unmapped: too many mismatches |	0.00%
                 % of reads unmapped: too short |	2.22%
                     % of reads unmapped: other |	0.05%
                                  CHIMERIC READS:
                       Number of chimeric reads |	674591
                            % of chimeric reads |	1.97%
