                                 Started job on |	Apr 30 15:29:23
                             Started mapping on |	Apr 30 15:44:38
                                    Finished on |	Apr 30 16:03:48
       Mapping speed, Million of reads per hour |	163.02

                          Number of input reads |	52076787
                      Average input read length |	182
                                    UNIQUE READS:
                   Uniquely mapped reads number |	48849108
                        Uniquely mapped reads % |	93.80%
                          Average mapped length |	181.54
                       Number of splices: Total |	19408366
            Number of splices: Annotated (sjdb) |	19359752
                       Number of splices: GT/AG |	19228612
                       Number of splices: GC/AG |	128192
                       Number of splices: AT/AC |	15941
               Number of splices: Non-canonical |	35621
                      Mismatch rate per base, % |	0.36%
                         Deletion rate per base |	0.01%
                        Deletion average length |	1.55
                        Insertion rate per base |	0.01%
                       Insertion average length |	1.36
                             MULTI-MAPPING READS:
        Number of reads mapped to multiple loci |	2131365
             % of reads mapped to multiple loci |	4.09%
        Number of reads mapped to too many loci |	25769
             % of reads mapped to too many loci |	0.05%
                                  UNMAPPED READS:
       % of reads unmapped: too many mismatches |	0.00%
                 % of reads unmapped: too short |	1.96%
                     % of reads unmapped: other |	0.10%
                                  CHIMERIC READS:
                       Number of chimeric reads |	801347
                            % of chimeric reads |	1.54%
