                                 Started job on |	Apr 30 13:59:37
                             Started mapping on |	Apr 30 14:08:59
                                    Finished on |	Apr 30 14:14:05
       Mapping speed, Million of reads per hour |	308.14

                          Number of input reads |	26191810
                      Average input read length |	183
                                    UNIQUE READS:
                   Uniquely mapped reads number |	24655384
                        Uniquely mapped reads % |	94.13%
                          Average mapped length |	182.29
                       Number of splices: Total |	10466280
            Number of splices: Annotated (sjdb) |	10447361
                       Number of splices: GT/AG |	10366115
                       Number of splices: GC/AG |	68095
                       Number of splices: AT/AC |	7706
               Number of splices: Non-canonical |	24364
                      Mismatch rate per base, % |	0.47%
                         Deletion rate per base |	0.01%
                        Deletion average length |	1.62
                        Insertion rate per base |	0.01%
                       Insertion average length |	1.28
                             MULTI-MAPPING READS:
        Number of reads mapped to multiple loci |	842489
             % of reads mapped to multiple loci |	3.22%
        Number of reads mapped to too many loci |	8253
             % of reads mapped to too many loci |	0.03%
                                  UNMAPPED READS:
       % of reads unmapped: too many mismatches |	0.00%
                 % of reads unmapped: too short |	2.57%
                     % of reads unmapped: other |	0.04%
                                  CHIMERIC READS:
                       Number of chimeric reads |	525867
                            % of chimeric reads |	2.01%
