                                 Started job on |	Apr 30 14:54:25
                             Started mapping on |	Apr 30 15:04:10
                                    Finished on |	Apr 30 15:13:02
       Mapping speed, Million of reads per hour |	264.49

                          Number of input reads |	39085720
                      Average input read length |	184
                                    UNIQUE READS:
                   Uniquely mapped reads number |	37071798
                        Uniquely mapped reads % |	94.85%
                          Average mapped length |	183.90
                       Number of splices: Total |	16432846
            Number of splices: Annotated (sjdb) |	16402433
                       Number of splices: GT/AG |	16269416
                       Number of splices: GC/AG |	108551
                       Number of splices: AT/AC |	12517
               Number of splices: Non-canonical |	42362
                      Mismatch rate per base, % |	0.46%
                         Deletion rate per base |	0.01%
                        Deletion average length |	1.67
                        Insertion rate per base |	0.01%
                       Insertion average length |	1.31
                             MULTI-MAPPING READS:
        Number of reads mapped to multiple loci |	1195513
             % of reads mapped to multiple loci |	3.06%
        Number of reads mapped to too many loci |	13458
             % of reads mapped to too many loci |	0.03%
                                  UNMAPPED READS:
       % of reads unmapped: too many mismatches |	0.00%
                 % of reads unmapped: too short |	2.00%
                     % of reads unmapped: other |	0.06%
                                  CHIMERIC READS:
                       Number of chimeric reads |	675983
                            % of chimeric reads |	1.73%
