                                 Started job on |	Apr 30 15:06:54
                             Started mapping on |	Apr 30 15:17:54
                                    Finished on |	Apr 30 15:27:40
       Mapping speed, Million of reads per hour |	214.07

                          Number of input reads |	34846507
                      Average input read length |	187
                                    UNIQUE READS:
                   Uniquely mapped reads number |	31560183
                        Uniquely mapped reads % |	90.57%
                          Average mapped length |	186.89
                       Number of splices: Total |	16885289
            Number of splices: Annotated (sjdb) |	16856035
                       Number of splices: GT/AG |	16732112
                       Number of splices: GC/AG |	114158
                       Number of splices: AT/AC |	14067
               Number of splices: Non-canonical |	24952
                      Mismatch rate per base, % |	0.25%
                         Deletion rate per base |	0.01%
                        Deletion average length |	1.72
                        Insertion rate per base |	0.01%
                       Insertion average length |	1.27
                             MULTI-MAPPING READS:
        Number of reads mapped to multiple loci |	2135716
             % of reads mapped to multiple loci |	6.13%
        Number of reads mapped to too many loci |	17080
             % of reads mapped to too many loci |	0.05%
                                  UNMAPPED READS:
       % of reads unmapped: too many mismatches |	0.00%
                 % of reads unmapped: too short |	3.15%
                     % of reads unmapped: other |	0.10%
                                  CHIMERIC READS:
                       Number of chimeric reads |	957443
                            % of chimeric reads |	2.75%
