                                 Started job on |	Apr 30 15:55:17
                             Started mapping on |	Apr 30 16:09:29
                                    Finished on |	Apr 30 16:18:37
       Mapping speed, Million of reads per hour |	168.12

                          Number of input reads |	25591806
                      Average input read length |	183
                                    UNIQUE READS:
                   Uniquely mapped reads number |	23244888
                        Uniquely mapped reads % |	90.83%
                          Average mapped length |	182.32
                       Number of splices: Total |	8082317
            Number of splices: Annotated (sjdb) |	8060072
                       Number of splices: GT/AG |	7999118
                       Number of splices: GC/AG |	58692
                       Number of splices: AT/AC |	6745
               Number of splices: Non-canonical |	17762
                      Mismatch rate per base, % |	0.70%
                         Deletion rate per base |	0.01%
                        Deletion average length |	1.60
                        Insertion rate per base |	0.01%
                       Insertion average length |	1.30
                             MULTI-MAPPING READS:
        Number of reads mapped to multiple loci |	1115478
             % of reads mapped to multiple loci |	4.36%
        Number of reads mapped to too many loci |	13647
             % of reads mapped to too many loci |	0.05%
                                  UNMAPPED READS:
       % of reads unmapped: too many mismatches |	0.00%
                 % of reads unmapped: too short |	4.64%
                     % of reads unmapped: other |	0.12%
                                  CHIMERIC READS:
                       Number of chimeric reads |	477001
                            % of chimeric reads |	1.86%
