                                 Started job on |	Apr 30 15:36:16
                             Started mapping on |	Apr 30 15:46:48
                                    Finished on |	Apr 30 16:00:16
       Mapping speed, Million of reads per hour |	219.82

                          Number of input reads |	49337823
                      Average input read length |	187
                                    UNIQUE READS:
                   Uniquely mapped reads number |	46529475
                        Uniquely mapped reads % |	94.31%
                          Average mapped length |	186.70
                       Number of splices: Total |	19740662
            Number of splices: Annotated (sjdb) |	19705205
                       Number of splices: GT/AG |	19543581
                       Number of splices: GC/AG |	138227
                       Number of splices: AT/AC |	16060
               Number of splices: Non-canonical |	42794
                      Mismatch rate per base, % |	0.33%
                         Deletion rate per base |	0.01%
                        Deletion average length |	1.55
                        Insertion rate per base |	0.01%
                       Insertion average length |	1.33
                             MULTI-MAPPING READS:
        Number of reads mapped to multiple loci |	1806019
             % of reads mapped to multiple loci |	3.66%
        Number of reads mapped to too many loci |	19505
             % of reads mapped to too many loci |	0.04%
                                  UNMAPPED READS:
       % of reads unmapped: too many mismatches |	0.00%
                 % of reads unmapped: too short |	1.92%
                     % of reads unmapped: other |	0.07%
                                  CHIMERIC READS:
                       Number of chimeric reads |	815363
                            % of chimeric reads |	1.65%
