                                 Started job on |	Apr 30 14:19:21
                             Started mapping on |	Apr 30 14:28:27
                                    Finished on |	Apr 30 14:34:45
       Mapping speed, Million of reads per hour |	307.58

                          Number of input reads |	32296290
                      Average input read length |	187
                                    UNIQUE READS:
                   Uniquely mapped reads number |	30642731
                        Uniquely mapped reads % |	94.88%
                          Average mapped length |	186.56
                       Number of splices: Total |	13175148
            Number of splices: Annotated (sjdb) |	13151720
                       Number of splices: GT/AG |	13051938
                       Number of splices: GC/AG |	86706
                       Number of splices: AT/AC |	9836
               Number of splices: Non-canonical |	26668
                      Mismatch rate per base, % |	0.45%
                         Deletion rate per base |	0.01%
                        Deletion average length |	1.61
                        Insertion rate per base |	0.01%
                       Insertion average length |	1.29
                             MULTI-MAPPING READS:
        Number of reads mapped to multiple loci |	990266
             % of reads mapped to multiple loci |	3.07%
        Number of reads mapped to too many loci |	11268
             % of reads mapped to too many loci |	0.03%
                                  UNMAPPED READS:
       % of reads unmapped: too many mismatches |	0.00%
                 % of reads unmapped: too short |	1.97%
                     % of reads unmapped: other |	0.05%
                                  CHIMERIC READS:
                       Number of chimeric reads |	547439
                            % of chimeric reads |	1.70%
