                                 Started job on |	Apr 30 15:14:34
                             Started mapping on |	Apr 30 15:27:11
                                    Finished on |	Apr 30 15:41:24
       Mapping speed, Million of reads per hour |	228.48

                          Number of input reads |	54137564
                      Average input read length |	185
                                    UNIQUE READS:
                   Uniquely mapped reads number |	51006042
                        Uniquely mapped reads % |	94.22%
                          Average mapped length |	185.02
                       Number of splices: Total |	22376977
            Number of splices: Annotated (sjdb) |	22340565
                       Number of splices: GT/AG |	22177254
                       Number of splices: GC/AG |	151985
                       Number of splices: AT/AC |	19090
               Number of splices: Non-canonical |	28648
                      Mismatch rate per base, % |	0.33%
                         Deletion rate per base |	0.01%
                        Deletion average length |	1.62
                        Insertion rate per base |	0.01%
                       Insertion average length |	1.40
                             MULTI-MAPPING READS:
        Number of reads mapped to multiple loci |	1809858
             % of reads mapped to multiple loci |	3.34%
        Number of reads mapped to too many loci |	31488
             % of reads mapped to too many loci |	0.06%
                                  UNMAPPED READS:
       % of reads unmapped: too many mismatches |	0.00%
                 % of reads unmapped: too short |	2.29%
                     % of reads unmapped: other |	0.10%
                                  CHIMERIC READS:
                       Number of chimeric reads |	1091747
                            % of chimeric reads |	2.02%
