                                 Started job on |	Apr 30 15:14:13
                             Started mapping on |	Apr 30 15:24:33
                                    Finished on |	Apr 30 15:34:18
       Mapping speed, Million of reads per hour |	245.48

                          Number of input reads |	39890849
                      Average input read length |	182
                                    UNIQUE READS:
                   Uniquely mapped reads number |	37800423
                        Uniquely mapped reads % |	94.76%
                          Average mapped length |	181.21
                       Number of splices: Total |	17541956
            Number of splices: Annotated (sjdb) |	17518455
                       Number of splices: GT/AG |	17387158
                       Number of splices: GC/AG |	111842
                       Number of splices: AT/AC |	13320
               Number of splices: Non-canonical |	29636
                      Mismatch rate per base, % |	0.50%
                         Deletion rate per base |	0.01%
                        Deletion average length |	1.65
                        Insertion rate per base |	0.01%
                       Insertion average length |	1.35
                             MULTI-MAPPING READS:
        Number of reads mapped to multiple loci |	1244187
             % of reads mapped to multiple loci |	3.12%
        Number of reads mapped to too many loci |	14824
             % of reads mapped to too many loci |	0.04%
                                  UNMAPPED READS:
       % of reads unmapped: too many mismatches |	0.00%
                 % of reads unmapped: too short |	2.03%
                     % of reads unmapped: other |	0.05%
                                  CHIMERIC READS:
                       Number of chimeric reads |	646262
                            % of chimeric reads |	1.62%
