                                 Started job on |	Apr 30 16:05:02
                             Started mapping on |	Apr 30 16:13:37
                                    Finished on |	Apr 30 16:18:52
       Mapping speed, Million of reads per hour |	298.64

                          Number of input reads |	26131034
                      Average input read length |	184
                                    UNIQUE READS:
                   Uniquely mapped reads number |	24236984
                        Uniquely mapped reads % |	92.75%
                          Average mapped length |	182.99
                       Number of splices: Total |	5389436
            Number of splices: Annotated (sjdb) |	5376581
                       Number of splices: GT/AG |	5339826
                       Number of splices: GC/AG |	37446
                       Number of splices: AT/AC |	3855
               Number of splices: Non-canonical |	8309
                      Mismatch rate per base, % |	0.71%
                         Deletion rate per base |	0.01%
                        Deletion average length |	1.46
                        Insertion rate per base |	0.01%
                       Insertion average length |	1.28
                             MULTI-MAPPING READS:
        Number of reads mapped to multiple loci |	998693
             % of reads mapped to multiple loci |	3.82%
        Number of reads mapped to too many loci |	19509
             % of reads mapped to too many loci |	0.07%
                                  UNMAPPED READS:
       % of reads unmapped: too many mismatches |	0.00%
                 % of reads unmapped: too short |	3.31%
                     % of reads unmapped: other |	0.04%
                                  CHIMERIC READS:
                       Number of chimeric reads |	418550
                            % of chimeric reads |	1.60%
