                                 Started job on |	Apr 30 15:07:50
                             Started mapping on |	Apr 30 15:19:48
                                    Finished on |	Apr 30 15:29:24
       Mapping speed, Million of reads per hour |	217.39

                          Number of input reads |	34783040
                      Average input read length |	188
                                    UNIQUE READS:
                   Uniquely mapped reads number |	32358681
                        Uniquely mapped reads % |	93.03%
                          Average mapped length |	187.79
                       Number of splices: Total |	11793013
            Number of splices: Annotated (sjdb) |	11766152
                       Number of splices: GT/AG |	11674638
                       Number of splices: GC/AG |	88412
                       Number of splices: AT/AC |	8845
               Number of splices: Non-canonical |	21118
                      Mismatch rate per base, % |	0.27%
                         Deletion rate per base |	0.01%
                        Deletion average length |	1.53
                        Insertion rate per base |	0.01%
                       Insertion average length |	1.26
                             MULTI-MAPPING READS:
        Number of reads mapped to multiple loci |	1379928
             % of reads mapped to multiple loci |	3.97%
        Number of reads mapped to too many loci |	16870
             % of reads mapped to too many loci |	0.05%
                                  UNMAPPED READS:
       % of reads unmapped: too many mismatches |	0.00%
                 % of reads unmapped: too short |	2.86%
                     % of reads unmapped: other |	0.09%
                                  CHIMERIC READS:
                       Number of chimeric reads |	895863
                            % of chimeric reads |	2.58%
