                                 Started job on |	Apr 30 15:15:05
                             Started mapping on |	Apr 30 15:26:12
                                    Finished on |	Apr 30 15:40:31
       Mapping speed, Million of reads per hour |	213.25

                          Number of input reads |	50883463
                      Average input read length |	185
                                    UNIQUE READS:
                   Uniquely mapped reads number |	47972709
                        Uniquely mapped reads % |	94.28%
                          Average mapped length |	184.77
                       Number of splices: Total |	19704641
            Number of splices: Annotated (sjdb) |	19664625
                       Number of splices: GT/AG |	19479443
                       Number of splices: GC/AG |	151895
                       Number of splices: AT/AC |	19588
               Number of splices: Non-canonical |	53715
                      Mismatch rate per base, % |	0.36%
                         Deletion rate per base |	0.01%
                        Deletion average length |	1.68
                        Insertion rate per base |	0.01%
                       Insertion average length |	1.40
                             MULTI-MAPPING READS:
        Number of reads mapped to multiple loci |	1750013
             % of reads mapped to multiple loci |	3.44%
        Number of reads mapped to too many loci |	33394
             % of reads mapped to too many loci |	0.07%
                                  UNMAPPED READS:
       % of reads unmapped: too many mismatches |	0.00%
                 % of reads unmapped: too short |	2.09%
                     % of reads unmapped: other |	0.12%
                                  CHIMERIC READS:
                       Number of chimeric reads |	902261
                            % of chimeric reads |	1.77%
