                                 Started job on |	Apr 30 15:07:50
                             Started mapping on |	Apr 30 15:19:41
                                    Finished on |	Apr 30 15:27:43
       Mapping speed, Million of reads per hour |	226.96

                          Number of input reads |	30387248
                      Average input read length |	187
                                    UNIQUE READS:
                   Uniquely mapped reads number |	28117294
                        Uniquely mapped reads % |	92.53%
                          Average mapped length |	186.67
                       Number of splices: Total |	14441282
            Number of splices: Annotated (sjdb) |	14414675
                       Number of splices: GT/AG |	14310238
                       Number of splices: GC/AG |	92640
                       Number of splices: AT/AC |	10097
               Number of splices: Non-canonical |	28307
                      Mismatch rate per base, % |	0.28%
                         Deletion rate per base |	0.01%
                        Deletion average length |	1.53
                        Insertion rate per base |	0.01%
                       Insertion average length |	1.29
                             MULTI-MAPPING READS:
        Number of reads mapped to multiple loci |	1280575
             % of reads mapped to multiple loci |	4.21%
        Number of reads mapped to too many loci |	10978
             % of reads mapped to too many loci |	0.04%
                                  UNMAPPED READS:
       % of reads unmapped: too many mismatches |	0.00%
                 % of reads unmapped: too short |	3.11%
                     % of reads unmapped: other |	0.11%
                                  CHIMERIC READS:
                       Number of chimeric reads |	741695
                            % of chimeric reads |	2.44%
