                                 Started job on |	Apr 30 15:47:47
                             Started mapping on |	Apr 30 15:54:00
                                    Finished on |	Apr 30 15:57:49
       Mapping speed, Million of reads per hour |	385.42

                          Number of input reads |	24516966
                      Average input read length |	183
                                    UNIQUE READS:
                   Uniquely mapped reads number |	22455606
                        Uniquely mapped reads % |	91.59%
                          Average mapped length |	182.16
                       Number of splices: Total |	9860967
            Number of splices: Annotated (sjdb) |	9845846
                       Number of splices: GT/AG |	9776875
                       Number of splices: GC/AG |	62592
                       Number of splices: AT/AC |	6907
               Number of splices: Non-canonical |	14593
                      Mismatch rate per base, % |	0.67%
                         Deletion rate per base |	0.01%
                        Deletion average length |	1.64
                        Insertion rate per base |	0.01%
                       Insertion average length |	1.30
                             MULTI-MAPPING READS:
        Number of reads mapped to multiple loci |	1060870
             % of reads mapped to multiple loci |	4.33%
        Number of reads mapped to too many loci |	12743
             % of reads mapped to too many loci |	0.05%
                                  UNMAPPED READS:
       % of reads unmapped: too many mismatches |	0.00%
                 % of reads unmapped: too short |	3.98%
                     % of reads unmapped: other |	0.05%
                                  CHIMERIC READS:
                       Number of chimeric reads |	457080
                            % of chimeric reads |	1.86%
