                                 Started job on |	Apr 30 16:06:24
                             Started mapping on |	Apr 30 16:15:56
                                    Finished on |	Apr 30 16:22:26
       Mapping speed, Million of reads per hour |	263.09

                          Number of input reads |	28501224
                      Average input read length |	184
                                    UNIQUE READS:
                   Uniquely mapped reads number |	25948914
                        Uniquely mapped reads % |	91.04%
                          Average mapped length |	182.31
                       Number of splices: Total |	11924091
            Number of splices: Annotated (sjdb) |	11903263
                       Number of splices: GT/AG |	11807825
                       Number of splices: GC/AG |	85872
                       Number of splices: AT/AC |	10855
               Number of splices: Non-canonical |	19539
                      Mismatch rate per base, % |	0.68%
                         Deletion rate per base |	0.01%
                        Deletion average length |	1.55
                        Insertion rate per base |	0.01%
                       Insertion average length |	1.28
                             MULTI-MAPPING READS:
        Number of reads mapped to multiple loci |	1392662
             % of reads mapped to multiple loci |	4.89%
        Number of reads mapped to too many loci |	8239
             % of reads mapped to too many loci |	0.03%
                                  UNMAPPED READS:
       % of reads unmapped: too many mismatches |	0.00%
                 % of reads unmapped: too short |	3.98%
                     % of reads unmapped: other |	0.06%
                                  CHIMERIC READS:
                       Number of chimeric reads |	609322
                            % of chimeric reads |	2.14%
