                                 Started job on |	Apr 30 15:58:11
                             Started mapping on |	Apr 30 16:08:51
                                    Finished on |	Apr 30 16:16:44
       Mapping speed, Million of reads per hour |	193.63

                          Number of input reads |	25440619
                      Average input read length |	183
                                    UNIQUE READS:
                   Uniquely mapped reads number |	23377692
                        Uniquely mapped reads % |	91.89%
                          Average mapped length |	182.21
                       Number of splices: Total |	8749269
            Number of splices: Annotated (sjdb) |	8730541
                       Number of splices: GT/AG |	8658543
                       Number of splices: GC/AG |	65480
                       Number of splices: AT/AC |	6937
               Number of splices: Non-canonical |	18309
                      Mismatch rate per base, % |	0.69%
                         Deletion rate per base |	0.01%
                        Deletion average length |	1.63
                        Insertion rate per base |	0.01%
                       Insertion average length |	1.29
                             MULTI-MAPPING READS:
        Number of reads mapped to multiple loci |	882427
             % of reads mapped to multiple loci |	3.47%
        Number of reads mapped to too many loci |	11048
             % of reads mapped to too many loci |	0.04%
                                  UNMAPPED READS:
       % of reads unmapped: too many mismatches |	0.00%
                 % of reads unmapped: too short |	4.46%
                     % of reads unmapped: other |	0.14%
                                  CHIMERIC READS:
                       Number of chimeric reads |	471918
                            % of chimeric reads |	1.85%
