                                 Started job on |	Apr 30 14:56:00
                             Started mapping on |	Apr 30 15:03:24
                                    Finished on |	Apr 30 15:10:52
       Mapping speed, Million of reads per hour |	148.07

                          Number of input reads |	18426849
                      Average input read length |	187
                                    UNIQUE READS:
                   Uniquely mapped reads number |	16916392
                        Uniquely mapped reads % |	91.80%
                          Average mapped length |	186.13
                       Number of splices: Total |	6112609
            Number of splices: Annotated (sjdb) |	6095945
                       Number of splices: GT/AG |	6043348
                       Number of splices: GC/AG |	46044
                       Number of splices: AT/AC |	4124
               Number of splices: Non-canonical |	19093
                      Mismatch rate per base, % |	0.38%
                         Deletion rate per base |	0.01%
                        Deletion average length |	1.59
                        Insertion rate per base |	0.01%
                       Insertion average length |	1.28
                             MULTI-MAPPING READS:
        Number of reads mapped to multiple loci |	884742
             % of reads mapped to multiple loci |	4.80%
        Number of reads mapped to too many loci |	10043
             % of reads mapped to too many loci |	0.05%
                                  UNMAPPED READS:
       % of reads unmapped: too many mismatches |	0.00%
                 % of reads unmapped: too short |	3.22%
                     % of reads unmapped: other |	0.12%
                                  CHIMERIC READS:
                       Number of chimeric reads |	481562
                            % of chimeric reads |	2.61%
