                                 Started job on |	Apr 30 15:51:37
                             Started mapping on |	Apr 30 16:05:33
                                    Finished on |	Apr 30 16:12:39
       Mapping speed, Million of reads per hour |	250.69

                          Number of input reads |	29665163
                      Average input read length |	183
                                    UNIQUE READS:
                   Uniquely mapped reads number |	27129858
                        Uniquely mapped reads % |	91.45%
                          Average mapped length |	181.74
                       Number of splices: Total |	10453149
            Number of splices: Annotated (sjdb) |	10434095
                       Number of splices: GT/AG |	10358032
                       Number of splices: GC/AG |	74824
                       Number of splices: AT/AC |	8853
               Number of splices: Non-canonical |	11440
                      Mismatch rate per base, % |	0.66%
                         Deletion rate per base |	0.01%
                        Deletion average length |	1.67
                        Insertion rate per base |	0.01%
                       Insertion average length |	1.32
                             MULTI-MAPPING READS:
        Number of reads mapped to multiple loci |	1317216
             % of reads mapped to multiple loci |	4.44%
        Number of reads mapped to too many loci |	13714
             % of reads mapped to too many loci |	0.05%
                                  UNMAPPED READS:
       % of reads unmapped: too many mismatches |	0.00%
                 % of reads unmapped: too short |	3.98%
                     % of reads unmapped: other |	0.08%
                                  CHIMERIC READS:
                       Number of chimeric reads |	570872
                            % of chimeric reads |	1.92%
