                                 Started job on |	Apr 30 15:27:30
                             Started mapping on |	Apr 30 15:38:23
                                    Finished on |	Apr 30 15:49:13
       Mapping speed, Million of reads per hour |	256.92

                          Number of input reads |	46388385
                      Average input read length |	185
                                    UNIQUE READS:
                   Uniquely mapped reads number |	43405312
                        Uniquely mapped reads % |	93.57%
                          Average mapped length |	185.13
                       Number of splices: Total |	11194496
            Number of splices: Annotated (sjdb) |	11170970
                       Number of splices: GT/AG |	11088230
                       Number of splices: GC/AG |	81191
                       Number of splices: AT/AC |	8725
               Number of splices: Non-canonical |	16350
                      Mismatch rate per base, % |	0.35%
                         Deletion rate per base |	0.01%
                        Deletion average length |	1.49
                        Insertion rate per base |	0.01%
                       Insertion average length |	1.28
                             MULTI-MAPPING READS:
        Number of reads mapped to multiple loci |	2029428
             % of reads mapped to multiple loci |	4.37%
        Number of reads mapped to too many loci |	31957
             % of reads mapped to too many loci |	0.07%
                                  UNMAPPED READS:
       % of reads unmapped: too many mismatches |	0.00%
                 % of reads unmapped: too short |	1.90%
                     % of reads unmapped: other |	0.08%
                                  CHIMERIC READS:
                       Number of chimeric reads |	764798
                            % of chimeric reads |	1.65%
