                                 Started job on |	Apr 30 14:23:23
                             Started mapping on |	Apr 30 14:36:07
                                    Finished on |	Apr 30 14:45:00
       Mapping speed, Million of reads per hour |	227.44

                          Number of input reads |	33673484
                      Average input read length |	189
                                    UNIQUE READS:
                   Uniquely mapped reads number |	31981270
                        Uniquely mapped reads % |	94.97%
                          Average mapped length |	188.02
                       Number of splices: Total |	14905690
            Number of splices: Annotated (sjdb) |	14881906
                       Number of splices: GT/AG |	14770083
                       Number of splices: GC/AG |	97708
                       Number of splices: AT/AC |	11152
               Number of splices: Non-canonical |	26747
                      Mismatch rate per base, % |	0.36%
                         Deletion rate per base |	0.01%
                        Deletion average length |	1.63
                        Insertion rate per base |	0.01%
                       Insertion average length |	1.28
                             MULTI-MAPPING READS:
        Number of reads mapped to multiple loci |	975457
             % of reads mapped to multiple loci |	2.90%
        Number of reads mapped to too many loci |	12070
             % of reads mapped to too many loci |	0.04%
                                  UNMAPPED READS:
       % of reads unmapped: too many mismatches |	0.00%
                 % of reads unmapped: too short |	2.04%
                     % of reads unmapped: other |	0.05%
                                  CHIMERIC READS:
                       Number of chimeric reads |	627887
                            % of chimeric reads |	1.86%
