                                 Started job on |	Apr 30 15:48:41
                             Started mapping on |	Apr 30 15:57:05
                                    Finished on |	Apr 30 16:03:07
       Mapping speed, Million of reads per hour |	248.13

                          Number of input reads |	24950358
                      Average input read length |	183
                                    UNIQUE READS:
                   Uniquely mapped reads number |	23019728
                        Uniquely mapped reads % |	92.26%
                          Average mapped length |	182.17
                       Number of splices: Total |	10694566
            Number of splices: Annotated (sjdb) |	10677946
                       Number of splices: GT/AG |	10586960
                       Number of splices: GC/AG |	73391
                       Number of splices: AT/AC |	8450
               Number of splices: Non-canonical |	25765
                      Mismatch rate per base, % |	0.67%
                         Deletion rate per base |	0.01%
                        Deletion average length |	1.63
                        Insertion rate per base |	0.01%
                       Insertion average length |	1.28
                             MULTI-MAPPING READS:
        Number of reads mapped to multiple loci |	907147
             % of reads mapped to multiple loci |	3.64%
        Number of reads mapped to too many loci |	9529
             % of reads mapped to too many loci |	0.04%
                                  UNMAPPED READS:
       % of reads unmapped: too many mismatches |	0.00%
                 % of reads unmapped: too short |	4.01%
                     % of reads unmapped: other |	0.05%
                                  CHIMERIC READS:
                       Number of chimeric reads |	481244
                            % of chimeric reads |	1.93%
