                                 Started job on |	Apr 30 13:59:36
                             Started mapping on |	Apr 30 14:10:29
                                    Finished on |	Apr 30 14:19:44
       Mapping speed, Million of reads per hour |	235.30

                          Number of input reads |	36275597
                      Average input read length |	183
                                    UNIQUE READS:
                   Uniquely mapped reads number |	34088616
                        Uniquely mapped reads % |	93.97%
                          Average mapped length |	182.31
                       Number of splices: Total |	15740581
            Number of splices: Annotated (sjdb) |	15713761
                       Number of splices: GT/AG |	15593007
                       Number of splices: GC/AG |	102151
                       Number of splices: AT/AC |	11412
               Number of splices: Non-canonical |	34011
                      Mismatch rate per base, % |	0.47%
                         Deletion rate per base |	0.01%
                        Deletion average length |	1.60
                        Insertion rate per base |	0.01%
                       Insertion average length |	1.28
                             MULTI-MAPPING READS:
        Number of reads mapped to multiple loci |	1262081
             % of reads mapped to multiple loci |	3.48%
        Number of reads mapped to too many loci |	12489
             % of reads mapped to too many loci |	0.03%
                                  UNMAPPED READS:
       % of reads unmapped: too many mismatches |	0.00%
                 % of reads unmapped: too short |	2.43%
                     % of reads unmapped: other |	0.08%
                                  CHIMERIC READS:
                       Number of chimeric reads |	608618
                            % of chimeric reads |	1.68%
