                                 Started job on |	Apr 30 13:59:34
                             Started mapping on |	Apr 30 14:10:08
                                    Finished on |	Apr 30 14:19:16
       Mapping speed, Million of reads per hour |	278.82

                          Number of input reads |	42443261
                      Average input read length |	185
                                    UNIQUE READS:
                   Uniquely mapped reads number |	40300795
                        Uniquely mapped reads % |	94.95%
                          Average mapped length |	184.16
                       Number of splices: Total |	18512169
            Number of splices: Annotated (sjdb) |	18479813
                       Number of splices: GT/AG |	18324441
                       Number of splices: GC/AG |	123249
                       Number of splices: AT/AC |	15782
               Number of splices: Non-canonical |	48697
                      Mismatch rate per base, % |	0.45%
                         Deletion rate per base |	0.01%
                        Deletion average length |	1.66
                        Insertion rate per base |	0.01%
                       Insertion average length |	1.30
                             MULTI-MAPPING READS:
        Number of reads mapped to multiple loci |	1297339
             % of reads mapped to multiple loci |	3.06%
        Number of reads mapped to too many loci |	15404
             % of reads mapped to too many loci |	0.04%
                                  UNMAPPED READS:
       % of reads unmapped: too many mismatches |	0.00%
                 % of reads unmapped: too short |	1.90%
                     % of reads unmapped: other |	0.06%
                                  CHIMERIC READS:
                       Number of chimeric reads |	678861
                            % of chimeric reads |	1.60%
