                                 Started job on |	Apr 30 14:49:03
                             Started mapping on |	Apr 30 14:58:16
                                    Finished on |	Apr 30 15:05:51
       Mapping speed, Million of reads per hour |	287.24

                          Number of input reads |	36304499
                      Average input read length |	184
                                    UNIQUE READS:
                   Uniquely mapped reads number |	34460726
                        Uniquely mapped reads % |	94.92%
                          Average mapped length |	183.96
                       Number of splices: Total |	14053612
            Number of splices: Annotated (sjdb) |	14031052
                       Number of splices: GT/AG |	13935636
                       Number of splices: GC/AG |	86424
                       Number of splices: AT/AC |	10185
               Number of splices: Non-canonical |	21367
                      Mismatch rate per base, % |	0.39%
                         Deletion rate per base |	0.01%
                        Deletion average length |	1.61
                        Insertion rate per base |	0.01%
                       Insertion average length |	1.27
                             MULTI-MAPPING READS:
        Number of reads mapped to multiple loci |	1180416
             % of reads mapped to multiple loci |	3.25%
        Number of reads mapped to too many loci |	11871
             % of reads mapped to too many loci |	0.03%
                                  UNMAPPED READS:
       % of reads unmapped: too many mismatches |	0.00%
                 % of reads unmapped: too short |	1.75%
                     % of reads unmapped: other |	0.05%
                                  CHIMERIC READS:
                       Number of chimeric reads |	623880
                            % of chimeric reads |	1.72%
