                                 Started job on |	Apr 30 15:37:30
                             Started mapping on |	Apr 30 15:48:55
                                    Finished on |	Apr 30 16:01:36
       Mapping speed, Million of reads per hour |	249.51

                          Number of input reads |	52743804
                      Average input read length |	187
                                    UNIQUE READS:
                   Uniquely mapped reads number |	50022660
                        Uniquely mapped reads % |	94.84%
                          Average mapped length |	186.51
                       Number of splices: Total |	19384318
            Number of splices: Annotated (sjdb) |	19354868
                       Number of splices: GT/AG |	19199297
                       Number of splices: GC/AG |	142126
                       Number of splices: AT/AC |	15862
               Number of splices: Non-canonical |	27033
                      Mismatch rate per base, % |	0.31%
                         Deletion rate per base |	0.01%
                        Deletion average length |	1.67
                        Insertion rate per base |	0.01%
                       Insertion average length |	1.37
                             MULTI-MAPPING READS:
        Number of reads mapped to multiple loci |	1758480
             % of reads mapped to multiple loci |	3.33%
        Number of reads mapped to too many loci |	26430
             % of reads mapped to too many loci |	0.05%
                                  UNMAPPED READS:
       % of reads unmapped: too many mismatches |	0.00%
                 % of reads unmapped: too short |	1.69%
                     % of reads unmapped: other |	0.08%
                                  CHIMERIC READS:
                       Number of chimeric reads |	878229
                            % of chimeric reads |	1.67%
