                                 Started job on |	Apr 30 15:12:59
                             Started mapping on |	Apr 30 15:20:02
                                    Finished on |	Apr 30 15:26:47
       Mapping speed, Million of reads per hour |	115.38

                          Number of input reads |	12979909
                      Average input read length |	183
                                    UNIQUE READS:
                   Uniquely mapped reads number |	11803143
                        Uniquely mapped reads % |	90.93%
                          Average mapped length |	182.26
                       Number of splices: Total |	4742247
            Number of splices: Annotated (sjdb) |	4726233
                       Number of splices: GT/AG |	4691815
                       Number of splices: GC/AG |	34135
                       Number of splices: AT/AC |	4098
               Number of splices: Non-canonical |	12199
                      Mismatch rate per base, % |	0.52%
                         Deletion rate per base |	0.01%
                        Deletion average length |	1.61
                        Insertion rate per base |	0.01%
                       Insertion average length |	1.31
                             MULTI-MAPPING READS:
        Number of reads mapped to multiple loci |	653964
             % of reads mapped to multiple loci |	5.04%
        Number of reads mapped to too many loci |	5189
             % of reads mapped to too many loci |	0.04%
                                  UNMAPPED READS:
       % of reads unmapped: too many mismatches |	0.00%
                 % of reads unmapped: too short |	3.85%
                     % of reads unmapped: other |	0.14%
                                  CHIMERIC READS:
                       Number of chimeric reads |	268944
                            % of chimeric reads |	2.07%
