                                 Started job on |	Apr 30 14:18:48
                             Started mapping on |	Apr 30 14:27:51
                                    Finished on |	Apr 30 14:37:05
       Mapping speed, Million of reads per hour |	179.50

                          Number of input reads |	27622776
                      Average input read length |	186
                                    UNIQUE READS:
                   Uniquely mapped reads number |	25837447
                        Uniquely mapped reads % |	93.54%
                          Average mapped length |	185.81
                       Number of splices: Total |	12956436
            Number of splices: Annotated (sjdb) |	12933123
                       Number of splices: GT/AG |	12826617
                       Number of splices: GC/AG |	84960
                       Number of splices: AT/AC |	9157
               Number of splices: Non-canonical |	35702
                      Mismatch rate per base, % |	0.48%
                         Deletion rate per base |	0.01%
                        Deletion average length |	1.65
                        Insertion rate per base |	0.01%
                       Insertion average length |	1.27
                             MULTI-MAPPING READS:
        Number of reads mapped to multiple loci |	1030591
             % of reads mapped to multiple loci |	3.73%
        Number of reads mapped to too many loci |	8796
             % of reads mapped to too many loci |	0.03%
                                  UNMAPPED READS:
       % of reads unmapped: too many mismatches |	0.00%
                 % of reads unmapped: too short |	2.57%
                     % of reads unmapped: other |	0.13%
                                  CHIMERIC READS:
                       Number of chimeric reads |	446970
                            % of chimeric reads |	1.62%
