                                 Started job on |	Apr 30 16:04:16
                             Started mapping on |	Apr 30 16:12:23
                                    Finished on |	Apr 30 16:17:46
       Mapping speed, Million of reads per hour |	263.32

                          Number of input reads |	23625335
                      Average input read length |	184
                                    UNIQUE READS:
                   Uniquely mapped reads number |	21842208
                        Uniquely mapped reads % |	92.45%
                          Average mapped length |	182.32
                       Number of splices: Total |	8163432
            Number of splices: Annotated (sjdb) |	8146394
                       Number of splices: GT/AG |	8084748
                       Number of splices: GC/AG |	57227
                       Number of splices: AT/AC |	6470
               Number of splices: Non-canonical |	14987
                      Mismatch rate per base, % |	0.69%
                         Deletion rate per base |	0.01%
                        Deletion average length |	1.63
                        Insertion rate per base |	0.01%
                       Insertion average length |	1.30
                             MULTI-MAPPING READS:
        Number of reads mapped to multiple loci |	782556
             % of reads mapped to multiple loci |	3.31%
        Number of reads mapped to too many loci |	10651
             % of reads mapped to too many loci |	0.05%
                                  UNMAPPED READS:
       % of reads unmapped: too many mismatches |	0.00%
                 % of reads unmapped: too short |	4.13%
                     % of reads unmapped: other |	0.06%
                                  CHIMERIC READS:
                       Number of chimeric reads |	524695
                            % of chimeric reads |	2.22%
